{"numFailedTestSuites":5,"numFailedTests":41,"numPassedTestSuites":13,"numPassedTests":309,"numPendingTestSuites":1,"numPendingTests":1,"numRuntimeErrorTestSuites":0,"numTodoTests":0,"numTotalTestSuites":19,"numTotalTests":351,"openHandles":[],"snapshot":{"added":0,"didUpdate":false,"failure":false,"filesAdded":0,"filesRemoved":0,"filesRemovedList":[],"filesUnmatched":0,"filesUpdated":0,"matched":0,"total":0,"unchecked":0,"uncheckedKeysByFile":[],"unmatched":0,"updated":0},"startTime":1758279148998,"success":false,"testResults":[{"assertionResults":[{"ancestorTitles":["MultiIntentProcessor","Multi-Intent Detection"],"duration":3,"failing":false,"failureDetails":[{"matcherResult":{"actual":"unclear","expected":"schedule_create","message":"\u001b[2mexpect(\u001b[22m\u001b[31mreceived\u001b[39m\u001b[2m).\u001b[22mtoBe\u001b[2m(\u001b[22m\u001b[32mexpected\u001b[39m\u001b[2m) // Object.is equality\u001b[22m\n\nExpected: \u001b[32m\"schedule_create\"\u001b[39m\nReceived: \u001b[31m\"unclear\"\u001b[39m","name":"toBe","pass":false}}],"failureMessages":["Error: \u001b[2mexpect(\u001b[22m\u001b[31mreceived\u001b[39m\u001b[2m).\u001b[22mtoBe\u001b[2m(\u001b[22m\u001b[32mexpected\u001b[39m\u001b[2m) // Object.is equality\u001b[22m\n\nExpected: \u001b[32m\"schedule_create\"\u001b[39m\nReceived: \u001b[31m\"unclear\"\u001b[39m\n    at Object.toBe (/Volumes/Extreme Pro/dauberside.github.io-1/src/lib/__tests__/multi-intent-processor.test.ts:89:41)"],"fullName":"MultiIntentProcessor Multi-Intent Detection should detect multiple intents in compound request","invocations":1,"location":null,"numPassingAsserts":1,"retryReasons":[],"startAt":1758279150028,"status":"failed","title":"should detect multiple intents in compound request"},{"ancestorTitles":["MultiIntentProcessor","Multi-Intent Detection"],"duration":2,"failing":false,"failureDetails":[{"matcherResult":{"message":"\u001b[2mexpect(\u001b[22m\u001b[31mreceived\u001b[39m\u001b[2m).\u001b[22mtoContain\u001b[2m(\u001b[22m\u001b[32mexpected\u001b[39m\u001b[2m) // indexOf\u001b[22m\n\nExpected value: \u001b[32m\"schedule_create\"\u001b[39m\nReceived array: \u001b[31m[\"fallback_schedule_create\", \"fallback_schedule_edit\"]\u001b[39m","pass":false}}],"failureMessages":["Error: \u001b[2mexpect(\u001b[22m\u001b[31mreceived\u001b[39m\u001b[2m).\u001b[22mtoContain\u001b[2m(\u001b[22m\u001b[32mexpected\u001b[39m\u001b[2m) // indexOf\u001b[22m\n\nExpected value: \u001b[32m\"schedule_create\"\u001b[39m\nReceived array: \u001b[31m[\"fallback_schedule_create\", \"fallback_schedule_edit\"]\u001b[39m\n    at Object.toContain (/Volumes/Extreme Pro/dauberside.github.io-1/src/lib/__tests__/multi-intent-processor.test.ts:103:46)"],"fullName":"MultiIntentProcessor Multi-Intent Detection should fall back to rule-based detection on AI failure","invocations":1,"location":null,"numPassingAsserts":1,"retryReasons":[],"startAt":1758279150038,"status":"failed","title":"should fall back to rule-based detection on AI failure"},{"ancestorTitles":["MultiIntentProcessor","Multi-Intent Detection"],"duration":0,"failing":false,"failureDetails":[{"matcherResult":{"actual":"unclear","expected":"schedule_create","message":"\u001b[2mexpect(\u001b[22m\u001b[31mreceived\u001b[39m\u001b[2m).\u001b[22mtoBe\u001b[2m(\u001b[22m\u001b[32mexpected\u001b[39m\u001b[2m) // Object.is equality\u001b[22m\n\nExpected: \u001b[32m\"schedule_create\"\u001b[39m\nReceived: \u001b[31m\"unclear\"\u001b[39m","name":"toBe","pass":false}}],"failureMessages":["Error: \u001b[2mexpect(\u001b[22m\u001b[31mreceived\u001b[39m\u001b[2m).\u001b[22mtoBe\u001b[2m(\u001b[22m\u001b[32mexpected\u001b[39m\u001b[2m) // Object.is equality\u001b[22m\n\nExpected: \u001b[32m\"schedule_create\"\u001b[39m\nReceived: \u001b[31m\"unclear\"\u001b[39m\n    at Object.toBe (/Volumes/Extreme Pro/dauberside.github.io-1/src/lib/__tests__/multi-intent-processor.test.ts:123:41)"],"fullName":"MultiIntentProcessor Multi-Intent Detection should return single intent for simple requests","invocations":1,"location":null,"numPassingAsserts":1,"retryReasons":[],"startAt":1758279150040,"status":"failed","title":"should return single intent for simple requests"},{"ancestorTitles":["MultiIntentProcessor","Multi-Intent Detection"],"duration":0,"failing":false,"failureDetails":[{"matcherResult":{"message":"\u001b[2mexpect(\u001b[22m\u001b[31mreceived\u001b[39m\u001b[2m).\u001b[22mtoBeLessThanOrEqual\u001b[2m(\u001b[22m\u001b[32mexpected\u001b[39m\u001b[2m)\u001b[22m\n\nExpected: <= \u001b[32m5\u001b[39m\nReceived:    \u001b[31m10\u001b[39m","pass":false}}],"failureMessages":["Error: \u001b[2mexpect(\u001b[22m\u001b[31mreceived\u001b[39m\u001b[2m).\u001b[22mtoBeLessThanOrEqual\u001b[2m(\u001b[22m\u001b[32mexpected\u001b[39m\u001b[2m)\u001b[22m\n\nExpected: <= \u001b[32m5\u001b[39m\nReceived:    \u001b[31m10\u001b[39m\n    at Object.toBeLessThanOrEqual (/Volumes/Extreme Pro/dauberside.github.io-1/src/lib/__tests__/multi-intent-processor.test.ts:142:36)"],"fullName":"MultiIntentProcessor Multi-Intent Detection should limit number of intents to maximum allowed","invocations":1,"location":null,"numPassingAsserts":0,"retryReasons":[],"startAt":1758279150041,"status":"failed","title":"should limit number of intents to maximum allowed"},{"ancestorTitles":["MultiIntentProcessor","Compound Intent Processing"],"duration":5,"failing":false,"failureDetails":[{}],"failureMessages":["TypeError: Cannot read properties of undefined (reading 'toUpperCase')\n    at toUpperCase (/Volumes/Extreme Pro/dauberside.github.io-1/src/lib/errors.ts:488:23)\n    at MultiIntentProcessor.processMultiIntent (/Volumes/Extreme Pro/dauberside.github.io-1/src/lib/multi-intent-processor.ts:213:36)\n    at Object.<anonymous> (/Volumes/Extreme Pro/dauberside.github.io-1/src/lib/__tests__/multi-intent-processor.test.ts:157:28)"],"fullName":"MultiIntentProcessor Compound Intent Processing should process single intent as simple compound","invocations":1,"location":null,"numPassingAsserts":0,"retryReasons":[],"startAt":1758279150041,"status":"failed","title":"should process single intent as simple compound"},{"ancestorTitles":["MultiIntentProcessor","Compound Intent Processing"],"duration":1,"failing":false,"failureDetails":[],"failureMessages":[],"fullName":"MultiIntentProcessor Compound Intent Processing should process multiple intents as compound","invocations":1,"location":null,"numPassingAsserts":3,"retryReasons":[],"startAt":1758279150046,"status":"passed","title":"should process multiple intents as compound"},{"ancestorTitles":["MultiIntentProcessor","Compound Intent Processing"],"duration":1,"failing":false,"failureDetails":[{"matcherResult":{"message":"\u001b[2mexpect(\u001b[22m\u001b[31mreceived\u001b[39m\u001b[2m).\u001b[22mtoBeGreaterThan\u001b[2m(\u001b[22m\u001b[32mexpected\u001b[39m\u001b[2m)\u001b[22m\n\nExpected: > \u001b[32m0\u001b[39m\nReceived:   \u001b[31m0\u001b[39m","pass":false}}],"failureMessages":["Error: \u001b[2mexpect(\u001b[22m\u001b[31mreceived\u001b[39m\u001b[2m).\u001b[22mtoBeGreaterThan\u001b[2m(\u001b[22m\u001b[32mexpected\u001b[39m\u001b[2m)\u001b[22m\n\nExpected: > \u001b[32m0\u001b[39m\nReceived:   \u001b[31m0\u001b[39m\n    at Object.toBeGreaterThan (/Volumes/Extreme Pro/dauberside.github.io-1/src/lib/__tests__/multi-intent-processor.test.ts:206:64)"],"fullName":"MultiIntentProcessor Compound Intent Processing should analyze intent relationships","invocations":1,"location":null,"numPassingAsserts":0,"retryReasons":[],"startAt":1758279150047,"status":"failed","title":"should analyze intent relationships"},{"ancestorTitles":["MultiIntentProcessor","Compound Intent Processing"],"duration":0,"failing":false,"failureDetails":[{"matcherResult":{"message":"\u001b[2mexpect(\u001b[22m\u001b[31mreceived\u001b[39m\u001b[2m).\u001b[22mtoBeDefined\u001b[2m()\u001b[22m\n\nReceived: \u001b[31mundefined\u001b[39m","pass":false}}],"failureMessages":["Error: \u001b[2mexpect(\u001b[22m\u001b[31mreceived\u001b[39m\u001b[2m).\u001b[22mtoBeDefined\u001b[2m()\u001b[22m\n\nReceived: \u001b[31mundefined\u001b[39m\n    at Object.toBeDefined (/Volumes/Extreme Pro/dauberside.github.io-1/src/lib/__tests__/multi-intent-processor.test.ts:236:32)"],"fullName":"MultiIntentProcessor Compound Intent Processing should create proper execution order","invocations":1,"location":null,"numPassingAsserts":0,"retryReasons":[],"startAt":1758279150048,"status":"failed","title":"should create proper execution order"},{"ancestorTitles":["MultiIntentProcessor","Conflict Analysis"],"duration":0,"failing":false,"failureDetails":[{"matcherResult":{"message":"\u001b[2mexpect(\u001b[22m\u001b[31mreceived\u001b[39m\u001b[2m).\u001b[22mtoBeGreaterThan\u001b[2m(\u001b[22m\u001b[32mexpected\u001b[39m\u001b[2m)\u001b[22m\n\nExpected: > \u001b[32m0\u001b[39m\nReceived:   \u001b[31m0\u001b[39m","pass":false}}],"failureMessages":["Error: \u001b[2mexpect(\u001b[22m\u001b[31mreceived\u001b[39m\u001b[2m).\u001b[22mtoBeGreaterThan\u001b[2m(\u001b[22m\u001b[32mexpected\u001b[39m\u001b[2m)\u001b[22m\n\nExpected: > \u001b[32m0\u001b[39m\nReceived:   \u001b[31m0\u001b[39m\n    at Object.toBeGreaterThan (/Volumes/Extreme Pro/dauberside.github.io-1/src/lib/__tests__/multi-intent-processor.test.ts:268:45)"],"fullName":"MultiIntentProcessor Conflict Analysis should detect conflicting intents","invocations":1,"location":null,"numPassingAsserts":0,"retryReasons":[],"startAt":1758279150049,"status":"failed","title":"should detect conflicting intents"},{"ancestorTitles":["MultiIntentProcessor","Conflict Analysis"],"duration":0,"failing":false,"failureDetails":[{"matcherResult":{"actual":false,"expected":true,"message":"\u001b[2mexpect(\u001b[22m\u001b[31mreceived\u001b[39m\u001b[2m).\u001b[22mtoBe\u001b[2m(\u001b[22m\u001b[32mexpected\u001b[39m\u001b[2m) // Object.is equality\u001b[22m\n\nExpected: \u001b[32mtrue\u001b[39m\nReceived: \u001b[31mfalse\u001b[39m","name":"toBe","pass":false}}],"failureMessages":["Error: \u001b[2mexpect(\u001b[22m\u001b[31mreceived\u001b[39m\u001b[2m).\u001b[22mtoBe\u001b[2m(\u001b[22m\u001b[32mexpected\u001b[39m\u001b[2m) // Object.is equality\u001b[22m\n\nExpected: \u001b[32mtrue\u001b[39m\nReceived: \u001b[31mfalse\u001b[39m\n    at Object.toBe (/Volumes/Extreme Pro/dauberside.github.io-1/src/lib/__tests__/multi-intent-processor.test.ts:288:53)"],"fullName":"MultiIntentProcessor Conflict Analysis should require confirmation for risky operations","invocations":1,"location":null,"numPassingAsserts":0,"retryReasons":[],"startAt":1758279150049,"status":"failed","title":"should require confirmation for risky operations"},{"ancestorTitles":["MultiIntentProcessor","Conflict Analysis"],"duration":0,"failing":false,"failureDetails":[],"failureMessages":[],"fullName":"MultiIntentProcessor Conflict Analysis should prevent immediate execution for complex operations","invocations":1,"location":null,"numPassingAsserts":0,"retryReasons":[],"startAt":1758279150050,"status":"passed","title":"should prevent immediate execution for complex operations"},{"ancestorTitles":["MultiIntentProcessor","Execution Suggestions"],"duration":0,"failing":false,"failureDetails":[{"matcherResult":{"message":"\u001b[2mexpect(\u001b[22m\u001b[31mreceived\u001b[39m\u001b[2m).\u001b[22mtoBeGreaterThan\u001b[2m(\u001b[22m\u001b[32mexpected\u001b[39m\u001b[2m)\u001b[22m\n\nExpected: > \u001b[32m0\u001b[39m\nReceived:   \u001b[31m0\u001b[39m","pass":false}}],"failureMessages":["Error: \u001b[2mexpect(\u001b[22m\u001b[31mreceived\u001b[39m\u001b[2m).\u001b[22mtoBeGreaterThan\u001b[2m(\u001b[22m\u001b[32mexpected\u001b[39m\u001b[2m)\u001b[22m\n\nExpected: > \u001b[32m0\u001b[39m\nReceived:   \u001b[31m0\u001b[39m\n    at Object.toBeGreaterThan (/Volumes/Extreme Pro/dauberside.github.io-1/src/lib/__tests__/multi-intent-processor.test.ts:340:51)"],"fullName":"MultiIntentProcessor Execution Suggestions should suggest operation reordering for efficiency","invocations":1,"location":null,"numPassingAsserts":0,"retryReasons":[],"startAt":1758279150050,"status":"failed","title":"should suggest operation reordering for efficiency"},{"ancestorTitles":["MultiIntentProcessor","Execution Suggestions"],"duration":0,"failing":false,"failureDetails":[{"matcherResult":{"message":"\u001b[2mexpect(\u001b[22m\u001b[31mreceived\u001b[39m\u001b[2m).\u001b[22mtoBeGreaterThan\u001b[2m(\u001b[22m\u001b[32mexpected\u001b[39m\u001b[2m)\u001b[22m\n\nExpected: > \u001b[32m0\u001b[39m\nReceived:   \u001b[31m0\u001b[39m","pass":false}}],"failureMessages":["Error: \u001b[2mexpect(\u001b[22m\u001b[31mreceived\u001b[39m\u001b[2m).\u001b[22mtoBeGreaterThan\u001b[2m(\u001b[22m\u001b[32mexpected\u001b[39m\u001b[2m)\u001b[22m\n\nExpected: > \u001b[32m0\u001b[39m\nReceived:   \u001b[31m0\u001b[39m\n    at Object.toBeGreaterThan (/Volumes/Extreme Pro/dauberside.github.io-1/src/lib/__tests__/multi-intent-processor.test.ts:365:45)"],"fullName":"MultiIntentProcessor Execution Suggestions should suggest merging similar operations","invocations":1,"location":null,"numPassingAsserts":0,"retryReasons":[],"startAt":1758279150050,"status":"failed","title":"should suggest merging similar operations"},{"ancestorTitles":["MultiIntentProcessor","Execution Suggestions"],"duration":1,"failing":false,"failureDetails":[],"failureMessages":[],"fullName":"MultiIntentProcessor Execution Suggestions should suggest confirmation for error conditions","invocations":1,"location":null,"numPassingAsserts":0,"retryReasons":[],"startAt":1758279150050,"status":"passed","title":"should suggest confirmation for error conditions"},{"ancestorTitles":["MultiIntentProcessor","Execution Planning"],"duration":0,"failing":false,"failureDetails":[{"matcherResult":{"expected":3,"message":"\u001b[2mexpect(\u001b[22m\u001b[31mreceived\u001b[39m\u001b[2m).\u001b[22mtoBe\u001b[2m(\u001b[22m\u001b[32mexpected\u001b[39m\u001b[2m) // Object.is equality\u001b[22m\n\nExpected: \u001b[32m3\u001b[39m\nReceived: \u001b[31mundefined\u001b[39m","name":"toBe","pass":false}}],"failureMessages":["Error: \u001b[2mexpect(\u001b[22m\u001b[31mreceived\u001b[39m\u001b[2m).\u001b[22mtoBe\u001b[2m(\u001b[22m\u001b[32mexpected\u001b[39m\u001b[2m) // Object.is equality\u001b[22m\n\nExpected: \u001b[32m3\u001b[39m\nReceived: \u001b[31mundefined\u001b[39m\n    at Object.toBe (/Volumes/Extreme Pro/dauberside.github.io-1/src/lib/__tests__/multi-intent-processor.test.ts:421:42)"],"fullName":"MultiIntentProcessor Execution Planning should assign appropriate priorities to execution steps","invocations":1,"location":null,"numPassingAsserts":0,"retryReasons":[],"startAt":1758279150051,"status":"failed","title":"should assign appropriate priorities to execution steps"},{"ancestorTitles":["MultiIntentProcessor","Execution Planning"],"duration":1,"failing":false,"failureDetails":[{"matcherResult":{"message":"\u001b[2mexpect(\u001b[22m\u001b[31mreceived\u001b[39m\u001b[2m).\u001b[22mtoBeGreaterThan\u001b[2m(\u001b[22m\u001b[32mexpected\u001b[39m\u001b[2m)\u001b[22m\n\nExpected: > \u001b[32m45000\u001b[39m\nReceived:   \u001b[31m30000\u001b[39m","pass":false}}],"failureMessages":["Error: \u001b[2mexpect(\u001b[22m\u001b[31mreceived\u001b[39m\u001b[2m).\u001b[22mtoBeGreaterThan\u001b[2m(\u001b[22m\u001b[32mexpected\u001b[39m\u001b[2m)\u001b[22m\n\nExpected: > \u001b[32m45000\u001b[39m\nReceived:   \u001b[31m30000\u001b[39m\n    at Object.toBeGreaterThan (/Volumes/Extreme Pro/dauberside.github.io-1/src/lib/__tests__/multi-intent-processor.test.ts:447:44)"],"fullName":"MultiIntentProcessor Execution Planning should estimate execution times for steps","invocations":1,"location":null,"numPassingAsserts":1,"retryReasons":[],"startAt":1758279150051,"status":"failed","title":"should estimate execution times for steps"},{"ancestorTitles":["MultiIntentProcessor","Execution Planning"],"duration":0,"failing":false,"failureDetails":[],"failureMessages":[],"fullName":"MultiIntentProcessor Execution Planning should identify parallelizable operations","invocations":1,"location":null,"numPassingAsserts":1,"retryReasons":[],"startAt":1758279150052,"status":"passed","title":"should identify parallelizable operations"},{"ancestorTitles":["MultiIntentProcessor","Error Handling"],"duration":1,"failing":false,"failureDetails":[{"message":"\u001b[2mexpect(\u001b[22m\u001b[31mreceived\u001b[39m\u001b[2m).\u001b[22mrejects\u001b[2m.\u001b[22mtoThrow\u001b[2m()\u001b[22m\n\nReceived promise resolved instead of rejected\nResolved to value: \u001b[31m{\"canExecuteImmediately\": true, \"compoundIntent\": {\"complexity\": \"simple\", \"confidence\": 0.3, \"executionOrder\": [{\"canParallelize\": false, \"entities\": [], \"estimatedDuration\": 30000, \"id\": \"step_fallback_unclear_1758279150052\", \"intent\": {\"category\": \"unclear\", \"confidence\": 0.3, \"entities\": [], \"name\": \"fallback_unclear\", \"parameters\": {}}, \"prerequisites\": [], \"priority\": 2}], \"id\": \"single_1758279150052\", \"primaryIntent\": {\"category\": \"unclear\", \"confidence\": 0.3, \"entities\": [], \"name\": \"fallback_unclear\", \"parameters\": {}}, \"relationships\": [], \"secondaryIntents\": []}, \"confidence\": 0.3, \"processingTime\": 0, \"requiresUserConfirmation\": false, \"suggestions\": [], \"warnings\": []}\u001b[39m"}],"failureMessages":["Error: \u001b[2mexpect(\u001b[22m\u001b[31mreceived\u001b[39m\u001b[2m).\u001b[22mrejects\u001b[2m.\u001b[22mtoThrow\u001b[2m()\u001b[22m\n\nReceived promise resolved instead of rejected\nResolved to value: \u001b[31m{\"canExecuteImmediately\": true, \"compoundIntent\": {\"complexity\": \"simple\", \"confidence\": 0.3, \"executionOrder\": [{\"canParallelize\": false, \"entities\": [], \"estimatedDuration\": 30000, \"id\": \"step_fallback_unclear_1758279150052\", \"intent\": {\"category\": \"unclear\", \"confidence\": 0.3, \"entities\": [], \"name\": \"fallback_unclear\", \"parameters\": {}}, \"prerequisites\": [], \"priority\": 2}], \"id\": \"single_1758279150052\", \"primaryIntent\": {\"category\": \"unclear\", \"confidence\": 0.3, \"entities\": [], \"name\": \"fallback_unclear\", \"parameters\": {}}, \"relationships\": [], \"secondaryIntents\": []}, \"confidence\": 0.3, \"processingTime\": 0, \"requiresUserConfirmation\": false, \"suggestions\": [], \"warnings\": []}\u001b[39m\n    at expect (/Volumes/Extreme Pro/dauberside.github.io-1/node_modules/.pnpm/expect@30.0.5/node_modules/expect/build/index.js:2116:15)\n    at Object.expect (/Volumes/Extreme Pro/dauberside.github.io-1/src/lib/__tests__/multi-intent-processor.test.ts:482:19)\n    at Promise.finally.completed (/Volumes/Extreme Pro/dauberside.github.io-1/node_modules/.pnpm/jest-circus@30.0.5/node_modules/jest-circus/build/jestAdapterInit.js:1559:28)\n    at new Promise (<anonymous>)\n    at callAsyncCircusFn (/Volumes/Extreme Pro/dauberside.github.io-1/node_modules/.pnpm/jest-circus@30.0.5/node_modules/jest-circus/build/jestAdapterInit.js:1499:10)\n    at _callCircusTest (/Volumes/Extreme Pro/dauberside.github.io-1/node_modules/.pnpm/jest-circus@30.0.5/node_modules/jest-circus/build/jestAdapterInit.js:1009:40)\n    at _runTest (/Volumes/Extreme Pro/dauberside.github.io-1/node_modules/.pnpm/jest-circus@30.0.5/node_modules/jest-circus/build/jestAdapterInit.js:949:3)\n    at _runTestsForDescribeBlock (/Volumes/Extreme Pro/dauberside.github.io-1/node_modules/.pnpm/jest-circus@30.0.5/node_modules/jest-circus/build/jestAdapterInit.js:839:13)\n    at _runTestsForDescribeBlock (/Volumes/Extreme Pro/dauberside.github.io-1/node_modules/.pnpm/jest-circus@30.0.5/node_modules/jest-circus/build/jestAdapterInit.js:829:11)\n    at _runTestsForDescribeBlock (/Volumes/Extreme Pro/dauberside.github.io-1/node_modules/.pnpm/jest-circus@30.0.5/node_modules/jest-circus/build/jestAdapterInit.js:829:11)\n    at run (/Volumes/Extreme Pro/dauberside.github.io-1/node_modules/.pnpm/jest-circus@30.0.5/node_modules/jest-circus/build/jestAdapterInit.js:757:3)\n    at runAndTransformResultsToJestFormat (/Volumes/Extreme Pro/dauberside.github.io-1/node_modules/.pnpm/jest-circus@30.0.5/node_modules/jest-circus/build/jestAdapterInit.js:1920:21)\n    at jestAdapter (/Volumes/Extreme Pro/dauberside.github.io-1/node_modules/.pnpm/jest-circus@30.0.5/node_modules/jest-circus/build/runner.js:101:19)\n    at runTestInternal (/Volumes/Extreme Pro/dauberside.github.io-1/node_modules/.pnpm/jest-runner@30.0.5/node_modules/jest-runner/build/index.js:275:16)\n    at runTest (/Volumes/Extreme Pro/dauberside.github.io-1/node_modules/.pnpm/jest-runner@30.0.5/node_modules/jest-runner/build/index.js:343:7)"],"fullName":"MultiIntentProcessor Error Handling should handle processing errors gracefully","invocations":1,"location":null,"numPassingAsserts":0,"retryReasons":[],"startAt":1758279150052,"status":"failed","title":"should handle processing errors gracefully"},{"ancestorTitles":["MultiIntentProcessor","Error Handling"],"duration":1,"failing":false,"failureDetails":[],"failureMessages":[],"fullName":"MultiIntentProcessor Error Handling should validate intent confidence thresholds","invocations":1,"location":null,"numPassingAsserts":1,"retryReasons":[],"startAt":1758279150053,"status":"passed","title":"should validate intent confidence thresholds"},{"ancestorTitles":["Convenience Functions"],"duration":0,"failing":false,"failureDetails":[{}],"failureMessages":["TypeError: (0 , _multiIntentProcessor.processMultipleIntents) is not a function\n    at Object.<anonymous> (/Volumes/Extreme Pro/dauberside.github.io-1/src/lib/__tests__/multi-intent-processor.test.ts:540:52)\n    at Promise.finally.completed (/Volumes/Extreme Pro/dauberside.github.io-1/node_modules/.pnpm/jest-circus@30.0.5/node_modules/jest-circus/build/jestAdapterInit.js:1559:28)\n    at new Promise (<anonymous>)\n    at callAsyncCircusFn (/Volumes/Extreme Pro/dauberside.github.io-1/node_modules/.pnpm/jest-circus@30.0.5/node_modules/jest-circus/build/jestAdapterInit.js:1499:10)\n    at _callCircusTest (/Volumes/Extreme Pro/dauberside.github.io-1/node_modules/.pnpm/jest-circus@30.0.5/node_modules/jest-circus/build/jestAdapterInit.js:1009:40)\n    at _runTest (/Volumes/Extreme Pro/dauberside.github.io-1/node_modules/.pnpm/jest-circus@30.0.5/node_modules/jest-circus/build/jestAdapterInit.js:949:3)\n    at _runTestsForDescribeBlock (/Volumes/Extreme Pro/dauberside.github.io-1/node_modules/.pnpm/jest-circus@30.0.5/node_modules/jest-circus/build/jestAdapterInit.js:839:13)\n    at _runTestsForDescribeBlock (/Volumes/Extreme Pro/dauberside.github.io-1/node_modules/.pnpm/jest-circus@30.0.5/node_modules/jest-circus/build/jestAdapterInit.js:829:11)\n    at run (/Volumes/Extreme Pro/dauberside.github.io-1/node_modules/.pnpm/jest-circus@30.0.5/node_modules/jest-circus/build/jestAdapterInit.js:757:3)\n    at runAndTransformResultsToJestFormat (/Volumes/Extreme Pro/dauberside.github.io-1/node_modules/.pnpm/jest-circus@30.0.5/node_modules/jest-circus/build/jestAdapterInit.js:1920:21)\n    at jestAdapter (/Volumes/Extreme Pro/dauberside.github.io-1/node_modules/.pnpm/jest-circus@30.0.5/node_modules/jest-circus/build/runner.js:101:19)\n    at runTestInternal (/Volumes/Extreme Pro/dauberside.github.io-1/node_modules/.pnpm/jest-runner@30.0.5/node_modules/jest-runner/build/index.js:275:16)\n    at runTest (/Volumes/Extreme Pro/dauberside.github.io-1/node_modules/.pnpm/jest-runner@30.0.5/node_modules/jest-runner/build/index.js:343:7)"],"fullName":"Convenience Functions should process multiple intents using convenience function","invocations":1,"location":null,"numPassingAsserts":0,"retryReasons":[],"startAt":1758279150054,"status":"failed","title":"should process multiple intents using convenience function"},{"ancestorTitles":["Convenience Functions"],"duration":0,"failing":false,"failureDetails":[{"matcherResult":{"message":"\u001b[2mexpect(\u001b[22m\u001b[31mreceived\u001b[39m\u001b[2m).\u001b[22mtoHaveLength\u001b[2m(\u001b[22m\u001b[32mexpected\u001b[39m\u001b[2m)\u001b[22m\n\nExpected length: \u001b[32m2\u001b[39m\nReceived length: \u001b[31m1\u001b[39m\nReceived array:  \u001b[31m[{\"category\": \"unclear\", \"confidence\": 0.8, \"entities\": [], \"name\": \"schedule_create\", \"parameters\": {}}]\u001b[39m","pass":false}}],"failureMessages":["Error: \u001b[2mexpect(\u001b[22m\u001b[31mreceived\u001b[39m\u001b[2m).\u001b[22mtoHaveLength\u001b[2m(\u001b[22m\u001b[32mexpected\u001b[39m\u001b[2m)\u001b[22m\n\nExpected length: \u001b[32m2\u001b[39m\nReceived length: \u001b[31m1\u001b[39m\nReceived array:  \u001b[31m[{\"category\": \"unclear\", \"confidence\": 0.8, \"entities\": [], \"name\": \"schedule_create\", \"parameters\": {}}]\u001b[39m\n    at Object.toHaveLength (/Volumes/Extreme Pro/dauberside.github.io-1/src/lib/__tests__/multi-intent-processor.test.ts:558:25)"],"fullName":"Convenience Functions should detect multiple intents using convenience function","invocations":1,"location":null,"numPassingAsserts":0,"retryReasons":[],"startAt":1758279150054,"status":"failed","title":"should detect multiple intents using convenience function"}],"endTime":1758279150093,"message":"\u001b[1m\u001b[31m  \u001b[1m● \u001b[22m\u001b[1mMultiIntentProcessor › Multi-Intent Detection › should detect multiple intents in compound request\u001b[39m\u001b[22m\n\n    \u001b[2mexpect(\u001b[22m\u001b[31mreceived\u001b[39m\u001b[2m).\u001b[22mtoBe\u001b[2m(\u001b[22m\u001b[32mexpected\u001b[39m\u001b[2m) // Object.is equality\u001b[22m\n\n    Expected: \u001b[32m\"schedule_create\"\u001b[39m\n    Received: \u001b[31m\"unclear\"\u001b[39m\n\u001b[2m\u001b[22m\n\u001b[2m    \u001b[0m \u001b[90m 87 |\u001b[39m\u001b[22m\n\u001b[2m     \u001b[90m 88 |\u001b[39m             expect(intents)\u001b[33m.\u001b[39mtoHaveLength(\u001b[35m2\u001b[39m)\u001b[33m;\u001b[39m\u001b[22m\n\u001b[2m    \u001b[31m\u001b[1m>\u001b[22m\u001b[2m\u001b[39m\u001b[90m 89 |\u001b[39m             expect(intents[\u001b[35m0\u001b[39m]\u001b[33m.\u001b[39mcategory)\u001b[33m.\u001b[39mtoBe(\u001b[33mIntentCategory\u001b[39m\u001b[33m.\u001b[39m\u001b[33mSCHEDULE_CREATE\u001b[39m)\u001b[33m;\u001b[39m\u001b[22m\n\u001b[2m     \u001b[90m    |\u001b[39m                                         \u001b[31m\u001b[1m^\u001b[22m\u001b[2m\u001b[39m\u001b[22m\n\u001b[2m     \u001b[90m 90 |\u001b[39m             expect(intents[\u001b[35m1\u001b[39m]\u001b[33m.\u001b[39mcategory)\u001b[33m.\u001b[39mtoBe(\u001b[33mIntentCategory\u001b[39m\u001b[33m.\u001b[39m\u001b[33mSCHEDULE_EDIT\u001b[39m)\u001b[33m;\u001b[39m\u001b[22m\n\u001b[2m     \u001b[90m 91 |\u001b[39m         })\u001b[33m;\u001b[39m\u001b[22m\n\u001b[2m     \u001b[90m 92 |\u001b[39m\u001b[0m\u001b[22m\n\u001b[2m\u001b[22m\n\u001b[2m      \u001b[2mat Object.toBe (\u001b[22m\u001b[2m\u001b[0m\u001b[36msrc/lib/__tests__/multi-intent-processor.test.ts\u001b[39m\u001b[0m\u001b[2m:89:41)\u001b[22m\u001b[2m\u001b[22m\n\n\u001b[1m\u001b[31m  \u001b[1m● \u001b[22m\u001b[1mMultiIntentProcessor › Multi-Intent Detection › should fall back to rule-based detection on AI failure\u001b[39m\u001b[22m\n\n    \u001b[2mexpect(\u001b[22m\u001b[31mreceived\u001b[39m\u001b[2m).\u001b[22mtoContain\u001b[2m(\u001b[22m\u001b[32mexpected\u001b[39m\u001b[2m) // indexOf\u001b[22m\n\n    Expected value: \u001b[32m\"schedule_create\"\u001b[39m\n    Received array: \u001b[31m[\"fallback_schedule_create\", \"fallback_schedule_edit\"]\u001b[39m\n\u001b[2m\u001b[22m\n\u001b[2m    \u001b[0m \u001b[90m 101 |\u001b[39m\u001b[22m\n\u001b[2m     \u001b[90m 102 |\u001b[39m             expect(intents)\u001b[33m.\u001b[39mtoHaveLength(\u001b[35m2\u001b[39m)\u001b[33m;\u001b[39m\u001b[22m\n\u001b[2m    \u001b[31m\u001b[1m>\u001b[22m\u001b[2m\u001b[39m\u001b[90m 103 |\u001b[39m             expect(intents\u001b[33m.\u001b[39mmap(i \u001b[33m=>\u001b[39m i\u001b[33m.\u001b[39mname))\u001b[33m.\u001b[39mtoContain(\u001b[32m'schedule_create'\u001b[39m)\u001b[33m;\u001b[39m\u001b[22m\n\u001b[2m     \u001b[90m     |\u001b[39m                                              \u001b[31m\u001b[1m^\u001b[22m\u001b[2m\u001b[39m\u001b[22m\n\u001b[2m     \u001b[90m 104 |\u001b[39m             expect(intents\u001b[33m.\u001b[39mmap(i \u001b[33m=>\u001b[39m i\u001b[33m.\u001b[39mname))\u001b[33m.\u001b[39mtoContain(\u001b[32m'schedule_edit'\u001b[39m)\u001b[33m;\u001b[39m\u001b[22m\n\u001b[2m     \u001b[90m 105 |\u001b[39m         })\u001b[33m;\u001b[39m\u001b[22m\n\u001b[2m     \u001b[90m 106 |\u001b[39m\u001b[0m\u001b[22m\n\u001b[2m\u001b[22m\n\u001b[2m      \u001b[2mat Object.toContain (\u001b[22m\u001b[2m\u001b[0m\u001b[36msrc/lib/__tests__/multi-intent-processor.test.ts\u001b[39m\u001b[0m\u001b[2m:103:46)\u001b[22m\u001b[2m\u001b[22m\n\n\u001b[1m\u001b[31m  \u001b[1m● \u001b[22m\u001b[1mMultiIntentProcessor › Multi-Intent Detection › should return single intent for simple requests\u001b[39m\u001b[22m\n\n    \u001b[2mexpect(\u001b[22m\u001b[31mreceived\u001b[39m\u001b[2m).\u001b[22mtoBe\u001b[2m(\u001b[22m\u001b[32mexpected\u001b[39m\u001b[2m) // Object.is equality\u001b[22m\n\n    Expected: \u001b[32m\"schedule_create\"\u001b[39m\n    Received: \u001b[31m\"unclear\"\u001b[39m\n\u001b[2m\u001b[22m\n\u001b[2m    \u001b[0m \u001b[90m 121 |\u001b[39m\u001b[22m\n\u001b[2m     \u001b[90m 122 |\u001b[39m             expect(intents)\u001b[33m.\u001b[39mtoHaveLength(\u001b[35m1\u001b[39m)\u001b[33m;\u001b[39m\u001b[22m\n\u001b[2m    \u001b[31m\u001b[1m>\u001b[22m\u001b[2m\u001b[39m\u001b[90m 123 |\u001b[39m             expect(intents[\u001b[35m0\u001b[39m]\u001b[33m.\u001b[39mcategory)\u001b[33m.\u001b[39mtoBe(\u001b[33mIntentCategory\u001b[39m\u001b[33m.\u001b[39m\u001b[33mSCHEDULE_CREATE\u001b[39m)\u001b[33m;\u001b[39m\u001b[22m\n\u001b[2m     \u001b[90m     |\u001b[39m                                         \u001b[31m\u001b[1m^\u001b[22m\u001b[2m\u001b[39m\u001b[22m\n\u001b[2m     \u001b[90m 124 |\u001b[39m         })\u001b[33m;\u001b[39m\u001b[22m\n\u001b[2m     \u001b[90m 125 |\u001b[39m\u001b[22m\n\u001b[2m     \u001b[90m 126 |\u001b[39m         it(\u001b[32m'should limit number of intents to maximum allowed'\u001b[39m\u001b[33m,\u001b[39m \u001b[36masync\u001b[39m () \u001b[33m=>\u001b[39m {\u001b[0m\u001b[22m\n\u001b[2m\u001b[22m\n\u001b[2m      \u001b[2mat Object.toBe (\u001b[22m\u001b[2m\u001b[0m\u001b[36msrc/lib/__tests__/multi-intent-processor.test.ts\u001b[39m\u001b[0m\u001b[2m:123:41)\u001b[22m\u001b[2m\u001b[22m\n\n\u001b[1m\u001b[31m  \u001b[1m● \u001b[22m\u001b[1mMultiIntentProcessor › Multi-Intent Detection › should limit number of intents to maximum allowed\u001b[39m\u001b[22m\n\n    \u001b[2mexpect(\u001b[22m\u001b[31mreceived\u001b[39m\u001b[2m).\u001b[22mtoBeLessThanOrEqual\u001b[2m(\u001b[22m\u001b[32mexpected\u001b[39m\u001b[2m)\u001b[22m\n\n    Expected: <= \u001b[32m5\u001b[39m\n    Received:    \u001b[31m10\u001b[39m\n\u001b[2m\u001b[22m\n\u001b[2m    \u001b[0m \u001b[90m 140 |\u001b[39m             )\u001b[33m;\u001b[39m\u001b[22m\n\u001b[2m     \u001b[90m 141 |\u001b[39m\u001b[22m\n\u001b[2m    \u001b[31m\u001b[1m>\u001b[22m\u001b[2m\u001b[39m\u001b[90m 142 |\u001b[39m             expect(intents\u001b[33m.\u001b[39mlength)\u001b[33m.\u001b[39mtoBeLessThanOrEqual(\u001b[35m5\u001b[39m)\u001b[33m;\u001b[39m \u001b[90m// MAX_INTENTS_PER_REQUEST\u001b[39m\u001b[22m\n\u001b[2m     \u001b[90m     |\u001b[39m                                    \u001b[31m\u001b[1m^\u001b[22m\u001b[2m\u001b[39m\u001b[22m\n\u001b[2m     \u001b[90m 143 |\u001b[39m         })\u001b[33m;\u001b[39m\u001b[22m\n\u001b[2m     \u001b[90m 144 |\u001b[39m     })\u001b[33m;\u001b[39m\u001b[22m\n\u001b[2m     \u001b[90m 145 |\u001b[39m\u001b[0m\u001b[22m\n\u001b[2m\u001b[22m\n\u001b[2m      \u001b[2mat Object.toBeLessThanOrEqual (\u001b[22m\u001b[2m\u001b[0m\u001b[36msrc/lib/__tests__/multi-intent-processor.test.ts\u001b[39m\u001b[0m\u001b[2m:142:36)\u001b[22m\u001b[2m\u001b[22m\n\n\u001b[1m\u001b[31m  \u001b[1m● \u001b[22m\u001b[1mMultiIntentProcessor › Compound Intent Processing › should process single intent as simple compound\u001b[39m\u001b[22m\n\n    TypeError: Cannot read properties of undefined (reading 'toUpperCase')\n\u001b[2m\u001b[22m\n\u001b[2m    \u001b[0m \u001b[90m 486 |\u001b[39m     \u001b[36mreturn\u001b[39m {\u001b[22m\n\u001b[2m     \u001b[90m 487 |\u001b[39m         type\u001b[33m,\u001b[39m\u001b[22m\n\u001b[2m    \u001b[31m\u001b[1m>\u001b[22m\u001b[2m\u001b[39m\u001b[90m 488 |\u001b[39m         code\u001b[33m:\u001b[39m \u001b[32m`${type.toUpperCase()}_${Date.now()}`\u001b[39m\u001b[33m,\u001b[39m\u001b[22m\n\u001b[2m     \u001b[90m     |\u001b[39m                       \u001b[31m\u001b[1m^\u001b[22m\u001b[2m\u001b[39m\u001b[22m\n\u001b[2m     \u001b[90m 489 |\u001b[39m         message\u001b[33m,\u001b[39m\u001b[22m\n\u001b[2m     \u001b[90m 490 |\u001b[39m         userMessage\u001b[33m,\u001b[39m\u001b[22m\n\u001b[2m     \u001b[90m 491 |\u001b[39m         severity\u001b[33m,\u001b[39m\u001b[0m\u001b[22m\n\u001b[2m\u001b[22m\n\u001b[2m      \u001b[2mat toUpperCase (\u001b[22m\u001b[2msrc/lib/errors.ts\u001b[2m:488:23)\u001b[22m\u001b[2m\u001b[22m\n\u001b[2m      \u001b[2mat MultiIntentProcessor.processMultiIntent (\u001b[22m\u001b[2msrc/lib/multi-intent-processor.ts\u001b[2m:213:36)\u001b[22m\u001b[2m\u001b[22m\n\u001b[2m      \u001b[2mat Object.<anonymous> (\u001b[22m\u001b[2m\u001b[0m\u001b[36msrc/lib/__tests__/multi-intent-processor.test.ts\u001b[39m\u001b[0m\u001b[2m:157:28)\u001b[22m\u001b[2m\u001b[22m\n\n\u001b[1m\u001b[31m  \u001b[1m● \u001b[22m\u001b[1mMultiIntentProcessor › Compound Intent Processing › should analyze intent relationships\u001b[39m\u001b[22m\n\n    \u001b[2mexpect(\u001b[22m\u001b[31mreceived\u001b[39m\u001b[2m).\u001b[22mtoBeGreaterThan\u001b[2m(\u001b[22m\u001b[32mexpected\u001b[39m\u001b[2m)\u001b[22m\n\n    Expected: > \u001b[32m0\u001b[39m\n    Received:   \u001b[31m0\u001b[39m\n\u001b[2m\u001b[22m\n\u001b[2m    \u001b[0m \u001b[90m 204 |\u001b[39m             )\u001b[33m;\u001b[39m\u001b[22m\n\u001b[2m     \u001b[90m 205 |\u001b[39m\u001b[22m\n\u001b[2m    \u001b[31m\u001b[1m>\u001b[22m\u001b[2m\u001b[39m\u001b[90m 206 |\u001b[39m             expect(result\u001b[33m.\u001b[39mcompoundIntent\u001b[33m.\u001b[39mrelationships\u001b[33m.\u001b[39mlength)\u001b[33m.\u001b[39mtoBeGreaterThan(\u001b[35m0\u001b[39m)\u001b[33m;\u001b[39m\u001b[22m\n\u001b[2m     \u001b[90m     |\u001b[39m                                                                \u001b[31m\u001b[1m^\u001b[22m\u001b[2m\u001b[39m\u001b[22m\n\u001b[2m     \u001b[90m 207 |\u001b[39m             expect(result\u001b[33m.\u001b[39mcompoundIntent\u001b[33m.\u001b[39mrelationships[\u001b[35m0\u001b[39m]\u001b[33m.\u001b[39mtype)\u001b[33m.\u001b[39mtoBe(\u001b[33mRelationshipType\u001b[39m\u001b[33m.\u001b[39m\u001b[33mSEQUENTIAL\u001b[39m)\u001b[33m;\u001b[39m\u001b[22m\n\u001b[2m     \u001b[90m 208 |\u001b[39m         })\u001b[33m;\u001b[39m\u001b[22m\n\u001b[2m     \u001b[90m 209 |\u001b[39m\u001b[0m\u001b[22m\n\u001b[2m\u001b[22m\n\u001b[2m      \u001b[2mat Object.toBeGreaterThan (\u001b[22m\u001b[2m\u001b[0m\u001b[36msrc/lib/__tests__/multi-intent-processor.test.ts\u001b[39m\u001b[0m\u001b[2m:206:64)\u001b[22m\u001b[2m\u001b[22m\n\n\u001b[1m\u001b[31m  \u001b[1m● \u001b[22m\u001b[1mMultiIntentProcessor › Compound Intent Processing › should create proper execution order\u001b[39m\u001b[22m\n\n    \u001b[2mexpect(\u001b[22m\u001b[31mreceived\u001b[39m\u001b[2m).\u001b[22mtoBeDefined\u001b[2m()\u001b[22m\n\n    Received: \u001b[31mundefined\u001b[39m\n\u001b[2m\u001b[22m\n\u001b[2m    \u001b[0m \u001b[90m 234 |\u001b[39m             )\u001b[33m;\u001b[39m\u001b[22m\n\u001b[2m     \u001b[90m 235 |\u001b[39m\u001b[22m\n\u001b[2m    \u001b[31m\u001b[1m>\u001b[22m\u001b[2m\u001b[39m\u001b[90m 236 |\u001b[39m             expect(createStep)\u001b[33m.\u001b[39mtoBeDefined()\u001b[33m;\u001b[39m\u001b[22m\n\u001b[2m     \u001b[90m     |\u001b[39m                                \u001b[31m\u001b[1m^\u001b[22m\u001b[2m\u001b[39m\u001b[22m\n\u001b[2m     \u001b[90m 237 |\u001b[39m             expect(editStep)\u001b[33m.\u001b[39mtoBeDefined()\u001b[33m;\u001b[39m\u001b[22m\n\u001b[2m     \u001b[90m 238 |\u001b[39m\u001b[22m\n\u001b[2m     \u001b[90m 239 |\u001b[39m             \u001b[36mconst\u001b[39m createIndex \u001b[33m=\u001b[39m result\u001b[33m.\u001b[39mcompoundIntent\u001b[33m.\u001b[39mexecutionOrder\u001b[33m.\u001b[39mindexOf(createStep\u001b[33m!\u001b[39m)\u001b[33m;\u001b[39m\u001b[0m\u001b[22m\n\u001b[2m\u001b[22m\n\u001b[2m      \u001b[2mat Object.toBeDefined (\u001b[22m\u001b[2m\u001b[0m\u001b[36msrc/lib/__tests__/multi-intent-processor.test.ts\u001b[39m\u001b[0m\u001b[2m:236:32)\u001b[22m\u001b[2m\u001b[22m\n\n\u001b[1m\u001b[31m  \u001b[1m● \u001b[22m\u001b[1mMultiIntentProcessor › Conflict Analysis › should detect conflicting intents\u001b[39m\u001b[22m\n\n    \u001b[2mexpect(\u001b[22m\u001b[31mreceived\u001b[39m\u001b[2m).\u001b[22mtoBeGreaterThan\u001b[2m(\u001b[22m\u001b[32mexpected\u001b[39m\u001b[2m)\u001b[22m\n\n    Expected: > \u001b[32m0\u001b[39m\n    Received:   \u001b[31m0\u001b[39m\n\u001b[2m\u001b[22m\n\u001b[2m    \u001b[0m \u001b[90m 266 |\u001b[39m                 w\u001b[33m.\u001b[39mtype \u001b[33m===\u001b[39m \u001b[33mWarningType\u001b[39m\u001b[33m.\u001b[39m\u001b[33mCONFLICTING_INTENTS\u001b[39m\u001b[22m\n\u001b[2m     \u001b[90m 267 |\u001b[39m             )\u001b[33m;\u001b[39m\u001b[22m\n\u001b[2m    \u001b[31m\u001b[1m>\u001b[22m\u001b[2m\u001b[39m\u001b[90m 268 |\u001b[39m             expect(conflictWarnings\u001b[33m.\u001b[39mlength)\u001b[33m.\u001b[39mtoBeGreaterThan(\u001b[35m0\u001b[39m)\u001b[33m;\u001b[39m\u001b[22m\n\u001b[2m     \u001b[90m     |\u001b[39m                                             \u001b[31m\u001b[1m^\u001b[22m\u001b[2m\u001b[39m\u001b[22m\n\u001b[2m     \u001b[90m 269 |\u001b[39m         })\u001b[33m;\u001b[39m\u001b[22m\n\u001b[2m     \u001b[90m 270 |\u001b[39m\u001b[22m\n\u001b[2m     \u001b[90m 271 |\u001b[39m         it(\u001b[32m'should require confirmation for risky operations'\u001b[39m\u001b[33m,\u001b[39m \u001b[36masync\u001b[39m () \u001b[33m=>\u001b[39m {\u001b[0m\u001b[22m\n\u001b[2m\u001b[22m\n\u001b[2m      \u001b[2mat Object.toBeGreaterThan (\u001b[22m\u001b[2m\u001b[0m\u001b[36msrc/lib/__tests__/multi-intent-processor.test.ts\u001b[39m\u001b[0m\u001b[2m:268:45)\u001b[22m\u001b[2m\u001b[22m\n\n\u001b[1m\u001b[31m  \u001b[1m● \u001b[22m\u001b[1mMultiIntentProcessor › Conflict Analysis › should require confirmation for risky operations\u001b[39m\u001b[22m\n\n    \u001b[2mexpect(\u001b[22m\u001b[31mreceived\u001b[39m\u001b[2m).\u001b[22mtoBe\u001b[2m(\u001b[22m\u001b[32mexpected\u001b[39m\u001b[2m) // Object.is equality\u001b[22m\n\n    Expected: \u001b[32mtrue\u001b[39m\n    Received: \u001b[31mfalse\u001b[39m\n\u001b[2m\u001b[22m\n\u001b[2m    \u001b[0m \u001b[90m 286 |\u001b[39m             )\u001b[33m;\u001b[39m\u001b[22m\n\u001b[2m     \u001b[90m 287 |\u001b[39m\u001b[22m\n\u001b[2m    \u001b[31m\u001b[1m>\u001b[22m\u001b[2m\u001b[39m\u001b[90m 288 |\u001b[39m             expect(result\u001b[33m.\u001b[39mrequiresUserConfirmation)\u001b[33m.\u001b[39mtoBe(\u001b[36mtrue\u001b[39m)\u001b[33m;\u001b[39m\u001b[22m\n\u001b[2m     \u001b[90m     |\u001b[39m                                                     \u001b[31m\u001b[1m^\u001b[22m\u001b[2m\u001b[39m\u001b[22m\n\u001b[2m     \u001b[90m 289 |\u001b[39m         })\u001b[33m;\u001b[39m\u001b[22m\n\u001b[2m     \u001b[90m 290 |\u001b[39m\u001b[22m\n\u001b[2m     \u001b[90m 291 |\u001b[39m         it(\u001b[32m'should prevent immediate execution for complex operations'\u001b[39m\u001b[33m,\u001b[39m \u001b[36masync\u001b[39m () \u001b[33m=>\u001b[39m {\u001b[0m\u001b[22m\n\u001b[2m\u001b[22m\n\u001b[2m      \u001b[2mat Object.toBe (\u001b[22m\u001b[2m\u001b[0m\u001b[36msrc/lib/__tests__/multi-intent-processor.test.ts\u001b[39m\u001b[0m\u001b[2m:288:53)\u001b[22m\u001b[2m\u001b[22m\n\n\u001b[1m\u001b[31m  \u001b[1m● \u001b[22m\u001b[1mMultiIntentProcessor › Execution Suggestions › should suggest operation reordering for efficiency\u001b[39m\u001b[22m\n\n    \u001b[2mexpect(\u001b[22m\u001b[31mreceived\u001b[39m\u001b[2m).\u001b[22mtoBeGreaterThan\u001b[2m(\u001b[22m\u001b[32mexpected\u001b[39m\u001b[2m)\u001b[22m\n\n    Expected: > \u001b[32m0\u001b[39m\n    Received:   \u001b[31m0\u001b[39m\n\u001b[2m\u001b[22m\n\u001b[2m    \u001b[0m \u001b[90m 338 |\u001b[39m                     s\u001b[33m.\u001b[39mtype \u001b[33m===\u001b[39m \u001b[33mSuggestionType\u001b[39m\u001b[33m.\u001b[39m\u001b[33mREORDER_OPERATIONS\u001b[39m\u001b[22m\n\u001b[2m     \u001b[90m 339 |\u001b[39m                 )\u001b[33m;\u001b[39m\u001b[22m\n\u001b[2m    \u001b[31m\u001b[1m>\u001b[22m\u001b[2m\u001b[39m\u001b[90m 340 |\u001b[39m                 expect(reorderSuggestions\u001b[33m.\u001b[39mlength)\u001b[33m.\u001b[39mtoBeGreaterThan(\u001b[35m0\u001b[39m)\u001b[33m;\u001b[39m\u001b[22m\n\u001b[2m     \u001b[90m     |\u001b[39m                                                   \u001b[31m\u001b[1m^\u001b[22m\u001b[2m\u001b[39m\u001b[22m\n\u001b[2m     \u001b[90m 341 |\u001b[39m             }\u001b[22m\n\u001b[2m     \u001b[90m 342 |\u001b[39m         })\u001b[33m;\u001b[39m\u001b[22m\n\u001b[2m     \u001b[90m 343 |\u001b[39m\u001b[0m\u001b[22m\n\u001b[2m\u001b[22m\n\u001b[2m      \u001b[2mat Object.toBeGreaterThan (\u001b[22m\u001b[2m\u001b[0m\u001b[36msrc/lib/__tests__/multi-intent-processor.test.ts\u001b[39m\u001b[0m\u001b[2m:340:51)\u001b[22m\u001b[2m\u001b[22m\n\n\u001b[1m\u001b[31m  \u001b[1m● \u001b[22m\u001b[1mMultiIntentProcessor › Execution Suggestions › should suggest merging similar operations\u001b[39m\u001b[22m\n\n    \u001b[2mexpect(\u001b[22m\u001b[31mreceived\u001b[39m\u001b[2m).\u001b[22mtoBeGreaterThan\u001b[2m(\u001b[22m\u001b[32mexpected\u001b[39m\u001b[2m)\u001b[22m\n\n    Expected: > \u001b[32m0\u001b[39m\n    Received:   \u001b[31m0\u001b[39m\n\u001b[2m\u001b[22m\n\u001b[2m    \u001b[0m \u001b[90m 363 |\u001b[39m                 s\u001b[33m.\u001b[39mtype \u001b[33m===\u001b[39m \u001b[33mSuggestionType\u001b[39m\u001b[33m.\u001b[39m\u001b[33mMERGE_OPERATIONS\u001b[39m\u001b[22m\n\u001b[2m     \u001b[90m 364 |\u001b[39m             )\u001b[33m;\u001b[39m\u001b[22m\n\u001b[2m    \u001b[31m\u001b[1m>\u001b[22m\u001b[2m\u001b[39m\u001b[90m 365 |\u001b[39m             expect(mergeSuggestions\u001b[33m.\u001b[39mlength)\u001b[33m.\u001b[39mtoBeGreaterThan(\u001b[35m0\u001b[39m)\u001b[33m;\u001b[39m\u001b[22m\n\u001b[2m     \u001b[90m     |\u001b[39m                                             \u001b[31m\u001b[1m^\u001b[22m\u001b[2m\u001b[39m\u001b[22m\n\u001b[2m     \u001b[90m 366 |\u001b[39m         })\u001b[33m;\u001b[39m\u001b[22m\n\u001b[2m     \u001b[90m 367 |\u001b[39m\u001b[22m\n\u001b[2m     \u001b[90m 368 |\u001b[39m         it(\u001b[32m'should suggest confirmation for error conditions'\u001b[39m\u001b[33m,\u001b[39m \u001b[36masync\u001b[39m () \u001b[33m=>\u001b[39m {\u001b[0m\u001b[22m\n\u001b[2m\u001b[22m\n\u001b[2m      \u001b[2mat Object.toBeGreaterThan (\u001b[22m\u001b[2m\u001b[0m\u001b[36msrc/lib/__tests__/multi-intent-processor.test.ts\u001b[39m\u001b[0m\u001b[2m:365:45)\u001b[22m\u001b[2m\u001b[22m\n\n\u001b[1m\u001b[31m  \u001b[1m● \u001b[22m\u001b[1mMultiIntentProcessor › Execution Planning › should assign appropriate priorities to execution steps\u001b[39m\u001b[22m\n\n    \u001b[2mexpect(\u001b[22m\u001b[31mreceived\u001b[39m\u001b[2m).\u001b[22mtoBe\u001b[2m(\u001b[22m\u001b[32mexpected\u001b[39m\u001b[2m) // Object.is equality\u001b[22m\n\n    Expected: \u001b[32m3\u001b[39m\n    Received: \u001b[31mundefined\u001b[39m\n\u001b[2m\u001b[22m\n\u001b[2m    \u001b[0m \u001b[90m 419 |\u001b[39m             )\u001b[33m;\u001b[39m\u001b[22m\n\u001b[2m     \u001b[90m 420 |\u001b[39m\u001b[22m\n\u001b[2m    \u001b[31m\u001b[1m>\u001b[22m\u001b[2m\u001b[39m\u001b[90m 421 |\u001b[39m             expect(deleteStep\u001b[33m?\u001b[39m\u001b[33m.\u001b[39mpriority)\u001b[33m.\u001b[39mtoBe(\u001b[33mExecutionPriority\u001b[39m\u001b[33m.\u001b[39m\u001b[33mHIGH\u001b[39m)\u001b[33m;\u001b[39m\u001b[22m\n\u001b[2m     \u001b[90m     |\u001b[39m                                          \u001b[31m\u001b[1m^\u001b[22m\u001b[2m\u001b[39m\u001b[22m\n\u001b[2m     \u001b[90m 422 |\u001b[39m             expect(createStep\u001b[33m?\u001b[39m\u001b[33m.\u001b[39mpriority)\u001b[33m.\u001b[39mtoBe(\u001b[33mExecutionPriority\u001b[39m\u001b[33m.\u001b[39m\u001b[33mNORMAL\u001b[39m)\u001b[33m;\u001b[39m\u001b[22m\n\u001b[2m     \u001b[90m 423 |\u001b[39m         })\u001b[33m;\u001b[39m\u001b[22m\n\u001b[2m     \u001b[90m 424 |\u001b[39m\u001b[0m\u001b[22m\n\u001b[2m\u001b[22m\n\u001b[2m      \u001b[2mat Object.toBe (\u001b[22m\u001b[2m\u001b[0m\u001b[36msrc/lib/__tests__/multi-intent-processor.test.ts\u001b[39m\u001b[0m\u001b[2m:421:42)\u001b[22m\u001b[2m\u001b[22m\n\n\u001b[1m\u001b[31m  \u001b[1m● \u001b[22m\u001b[1mMultiIntentProcessor › Execution Planning › should estimate execution times for steps\u001b[39m\u001b[22m\n\n    \u001b[2mexpect(\u001b[22m\u001b[31mreceived\u001b[39m\u001b[2m).\u001b[22mtoBeGreaterThan\u001b[2m(\u001b[22m\u001b[32mexpected\u001b[39m\u001b[2m)\u001b[22m\n\n    Expected: > \u001b[32m45000\u001b[39m\n    Received:   \u001b[31m30000\u001b[39m\n\u001b[2m\u001b[22m\n\u001b[2m    \u001b[0m \u001b[90m 445 |\u001b[39m             \u001b[36mconst\u001b[39m step \u001b[33m=\u001b[39m result\u001b[33m.\u001b[39mcompoundIntent\u001b[33m.\u001b[39mexecutionOrder[\u001b[35m0\u001b[39m]\u001b[33m;\u001b[39m\u001b[22m\n\u001b[2m     \u001b[90m 446 |\u001b[39m             expect(step\u001b[33m.\u001b[39mestimatedDuration)\u001b[33m.\u001b[39mtoBeGreaterThan(\u001b[35m0\u001b[39m)\u001b[33m;\u001b[39m\u001b[22m\n\u001b[2m    \u001b[31m\u001b[1m>\u001b[22m\u001b[2m\u001b[39m\u001b[90m 447 |\u001b[39m             expect(step\u001b[33m.\u001b[39mestimatedDuration)\u001b[33m.\u001b[39mtoBeGreaterThan(\u001b[35m45000\u001b[39m)\u001b[33m;\u001b[39m \u001b[90m// Base time + entity time\u001b[39m\u001b[22m\n\u001b[2m     \u001b[90m     |\u001b[39m                                            \u001b[31m\u001b[1m^\u001b[22m\u001b[2m\u001b[39m\u001b[22m\n\u001b[2m     \u001b[90m 448 |\u001b[39m         })\u001b[33m;\u001b[39m\u001b[22m\n\u001b[2m     \u001b[90m 449 |\u001b[39m\u001b[22m\n\u001b[2m     \u001b[90m 450 |\u001b[39m         it(\u001b[32m'should identify parallelizable operations'\u001b[39m\u001b[33m,\u001b[39m \u001b[36masync\u001b[39m () \u001b[33m=>\u001b[39m {\u001b[0m\u001b[22m\n\u001b[2m\u001b[22m\n\u001b[2m      \u001b[2mat Object.toBeGreaterThan (\u001b[22m\u001b[2m\u001b[0m\u001b[36msrc/lib/__tests__/multi-intent-processor.test.ts\u001b[39m\u001b[0m\u001b[2m:447:44)\u001b[22m\u001b[2m\u001b[22m\n\n\u001b[1m\u001b[31m  \u001b[1m● \u001b[22m\u001b[1mMultiIntentProcessor › Error Handling › should handle processing errors gracefully\u001b[39m\u001b[22m\n\n    \u001b[2mexpect(\u001b[22m\u001b[31mreceived\u001b[39m\u001b[2m).\u001b[22mrejects\u001b[2m.\u001b[22mtoThrow\u001b[2m()\u001b[22m\n\n    Received promise resolved instead of rejected\n    Resolved to value: \u001b[31m{\"canExecuteImmediately\": true, \"compoundIntent\": {\"complexity\": \"simple\", \"confidence\": 0.3, \"executionOrder\": [{\"canParallelize\": false, \"entities\": [], \"estimatedDuration\": 30000, \"id\": \"step_fallback_unclear_1758279150052\", \"intent\": {\"category\": \"unclear\", \"confidence\": 0.3, \"entities\": [], \"name\": \"fallback_unclear\", \"parameters\": {}}, \"prerequisites\": [], \"priority\": 2}], \"id\": \"single_1758279150052\", \"primaryIntent\": {\"category\": \"unclear\", \"confidence\": 0.3, \"entities\": [], \"name\": \"fallback_unclear\", \"parameters\": {}}, \"relationships\": [], \"secondaryIntents\": []}, \"confidence\": 0.3, \"processingTime\": 0, \"requiresUserConfirmation\": false, \"suggestions\": [], \"warnings\": []}\u001b[39m\n\u001b[2m\u001b[22m\n\u001b[2m    \u001b[0m \u001b[90m 480 |\u001b[39m             enhancedNLPProcessor\u001b[33m.\u001b[39mextractIntent\u001b[33m.\u001b[39mmockRejectedValueOnce(\u001b[36mnew\u001b[39m \u001b[33mError\u001b[39m(\u001b[32m'NLP failed'\u001b[39m))\u001b[33m;\u001b[39m\u001b[22m\n\u001b[2m     \u001b[90m 481 |\u001b[39m\u001b[22m\n\u001b[2m    \u001b[31m\u001b[1m>\u001b[22m\u001b[2m\u001b[39m\u001b[90m 482 |\u001b[39m             \u001b[36mawait\u001b[39m expect(processor\u001b[33m.\u001b[39mprocessMultiIntent(\u001b[32m'test input'\u001b[39m\u001b[33m,\u001b[39m mockContext))\u001b[22m\n\u001b[2m     \u001b[90m     |\u001b[39m                   \u001b[31m\u001b[1m^\u001b[22m\u001b[2m\u001b[39m\u001b[22m\n\u001b[2m     \u001b[90m 483 |\u001b[39m                 \u001b[33m.\u001b[39mrejects\u001b[33m.\u001b[39mtoThrow()\u001b[33m;\u001b[39m\u001b[22m\n\u001b[2m     \u001b[90m 484 |\u001b[39m         })\u001b[33m;\u001b[39m\u001b[22m\n\u001b[2m     \u001b[90m 485 |\u001b[39m\u001b[0m\u001b[22m\n\u001b[2m\u001b[22m\n\u001b[2m      \u001b[2mat expect (\u001b[22m\u001b[2mnode_modules/.pnpm/expect@30.0.5/node_modules/expect/build/index.js\u001b[2m:2116:15)\u001b[22m\u001b[2m\u001b[22m\n\u001b[2m      \u001b[2mat Object.expect (\u001b[22m\u001b[2m\u001b[0m\u001b[36msrc/lib/__tests__/multi-intent-processor.test.ts\u001b[39m\u001b[0m\u001b[2m:482:19)\u001b[22m\u001b[2m\u001b[22m\n\n\u001b[1m\u001b[31m  \u001b[1m● \u001b[22m\u001b[1mConvenience Functions › should process multiple intents using convenience function\u001b[39m\u001b[22m\n\n    TypeError: (0 , _multiIntentProcessor.processMultipleIntents) is not a function\n\u001b[2m\u001b[22m\n\u001b[2m    \u001b[0m \u001b[90m 538 |\u001b[39m         enhancedNLPProcessor\u001b[33m.\u001b[39mextractEntities\u001b[33m.\u001b[39mmockResolvedValue([])\u001b[33m;\u001b[39m\u001b[22m\n\u001b[2m     \u001b[90m 539 |\u001b[39m\u001b[22m\n\u001b[2m    \u001b[31m\u001b[1m>\u001b[22m\u001b[2m\u001b[39m\u001b[90m 540 |\u001b[39m         \u001b[36mconst\u001b[39m result \u001b[33m=\u001b[39m \u001b[36mawait\u001b[39m processMultipleIntents(\u001b[32m'test input'\u001b[39m\u001b[33m,\u001b[39m mockContext)\u001b[33m;\u001b[39m\u001b[22m\n\u001b[2m     \u001b[90m     |\u001b[39m                                                    \u001b[31m\u001b[1m^\u001b[22m\u001b[2m\u001b[39m\u001b[22m\n\u001b[2m     \u001b[90m 541 |\u001b[39m\u001b[22m\n\u001b[2m     \u001b[90m 542 |\u001b[39m         expect(result\u001b[33m.\u001b[39mcompoundIntent)\u001b[33m.\u001b[39mtoBeDefined()\u001b[33m;\u001b[39m\u001b[22m\n\u001b[2m     \u001b[90m 543 |\u001b[39m         expect(result\u001b[33m.\u001b[39mprocessingTime)\u001b[33m.\u001b[39mtoBeGreaterThan(\u001b[35m0\u001b[39m)\u001b[33m;\u001b[39m\u001b[0m\u001b[22m\n\u001b[2m\u001b[22m\n\u001b[2m      \u001b[2mat Object.<anonymous> (\u001b[22m\u001b[2m\u001b[0m\u001b[36msrc/lib/__tests__/multi-intent-processor.test.ts\u001b[39m\u001b[0m\u001b[2m:540:52)\u001b[22m\u001b[2m\u001b[22m\n\n\u001b[1m\u001b[31m  \u001b[1m● \u001b[22m\u001b[1mConvenience Functions › should detect multiple intents using convenience function\u001b[39m\u001b[22m\n\n    \u001b[2mexpect(\u001b[22m\u001b[31mreceived\u001b[39m\u001b[2m).\u001b[22mtoHaveLength\u001b[2m(\u001b[22m\u001b[32mexpected\u001b[39m\u001b[2m)\u001b[22m\n\n    Expected length: \u001b[32m2\u001b[39m\n    Received length: \u001b[31m1\u001b[39m\n    Received array:  \u001b[31m[{\"category\": \"unclear\", \"confidence\": 0.8, \"entities\": [], \"name\": \"schedule_create\", \"parameters\": {}}]\u001b[39m\n\u001b[2m\u001b[22m\n\u001b[2m    \u001b[0m \u001b[90m 556 |\u001b[39m         \u001b[36mconst\u001b[39m intents \u001b[33m=\u001b[39m \u001b[36mawait\u001b[39m detectMultipleIntents(\u001b[32m'test input'\u001b[39m\u001b[33m,\u001b[39m mockContext)\u001b[33m;\u001b[39m\u001b[22m\n\u001b[2m     \u001b[90m 557 |\u001b[39m\u001b[22m\n\u001b[2m    \u001b[31m\u001b[1m>\u001b[22m\u001b[2m\u001b[39m\u001b[90m 558 |\u001b[39m         expect(intents)\u001b[33m.\u001b[39mtoHaveLength(\u001b[35m2\u001b[39m)\u001b[33m;\u001b[39m\u001b[22m\n\u001b[2m     \u001b[90m     |\u001b[39m                         \u001b[31m\u001b[1m^\u001b[22m\u001b[2m\u001b[39m\u001b[22m\n\u001b[2m     \u001b[90m 559 |\u001b[39m         expect(intents[\u001b[35m0\u001b[39m]\u001b[33m.\u001b[39mcategory)\u001b[33m.\u001b[39mtoBe(\u001b[33mIntentCategory\u001b[39m\u001b[33m.\u001b[39m\u001b[33mSCHEDULE_CREATE\u001b[39m)\u001b[33m;\u001b[39m\u001b[22m\n\u001b[2m     \u001b[90m 560 |\u001b[39m         expect(intents[\u001b[35m1\u001b[39m]\u001b[33m.\u001b[39mcategory)\u001b[33m.\u001b[39mtoBe(\u001b[33mIntentCategory\u001b[39m\u001b[33m.\u001b[39m\u001b[33mSCHEDULE_EDIT\u001b[39m)\u001b[33m;\u001b[39m\u001b[22m\n\u001b[2m     \u001b[90m 561 |\u001b[39m     })\u001b[33m;\u001b[39m\u001b[0m\u001b[22m\n\u001b[2m\u001b[22m\n\u001b[2m      \u001b[2mat Object.toHaveLength (\u001b[22m\u001b[2m\u001b[0m\u001b[36msrc/lib/__tests__/multi-intent-processor.test.ts\u001b[39m\u001b[0m\u001b[2m:558:25)\u001b[22m\u001b[2m\u001b[22m\n","name":"/Volumes/Extreme Pro/dauberside.github.io-1/src/lib/__tests__/multi-intent-processor.test.ts","startTime":1758279149454,"status":"failed","summary":""},{"assertionResults":[{"ancestorTitles":["PreferencesStorageManager","Get User Preferences"],"duration":1,"failing":false,"failureDetails":[],"failureMessages":[],"fullName":"PreferencesStorageManager Get User Preferences should return default preferences for new user","invocations":1,"location":null,"numPassingAsserts":3,"retryReasons":[],"startAt":1758279150215,"status":"passed","title":"should return default preferences for new user"},{"ancestorTitles":["PreferencesStorageManager","Get User Preferences"],"duration":1,"failing":false,"failureDetails":[],"failureMessages":[],"fullName":"PreferencesStorageManager Get User Preferences should return stored preferences for existing user","invocations":1,"location":null,"numPassingAsserts":3,"retryReasons":[],"startAt":1758279150216,"status":"passed","title":"should return stored preferences for existing user"},{"ancestorTitles":["PreferencesStorageManager","Get User Preferences"],"duration":0,"failing":false,"failureDetails":[{"matcherResult":{"actual":"natural_language","expected":"quick_reply","message":"\u001b[2mexpect(\u001b[22m\u001b[31mreceived\u001b[39m\u001b[2m).\u001b[22mtoBe\u001b[2m(\u001b[22m\u001b[32mexpected\u001b[39m\u001b[2m) // Object.is equality\u001b[22m\n\nExpected: \u001b[32m\"quick_reply\"\u001b[39m\nReceived: \u001b[31m\"natural_language\"\u001b[39m","name":"toBe","pass":false}}],"failureMessages":["Error: \u001b[2mexpect(\u001b[22m\u001b[31mreceived\u001b[39m\u001b[2m).\u001b[22mtoBe\u001b[2m(\u001b[22m\u001b[32mexpected\u001b[39m\u001b[2m) // Object.is equality\u001b[22m\n\nExpected: \u001b[32m\"quick_reply\"\u001b[39m\nReceived: \u001b[31m\"natural_language\"\u001b[39m\n    at Object.toBe (/Volumes/Extreme Pro/dauberside.github.io-1/src/lib/__tests__/preferences-storage.test.ts:83:62)"],"fullName":"PreferencesStorageManager Get User Preferences should merge stored preferences with defaults","invocations":1,"location":null,"numPassingAsserts":0,"retryReasons":[],"startAt":1758279150217,"status":"failed","title":"should merge stored preferences with defaults"},{"ancestorTitles":["PreferencesStorageManager","Get User Preferences"],"duration":4,"failing":false,"failureDetails":[{"matcherResult":{"message":"\u001b[2mexpect(\u001b[22m\u001b[31mreceived\u001b[39m\u001b[2m).\u001b[22mtoMatchObject\u001b[2m(\u001b[22m\u001b[32mexpected\u001b[39m\u001b[2m)\u001b[22m\n\n\u001b[32m- Expected  - 2\u001b[39m\n\u001b[31m+ Received  + 2\u001b[39m\n\n\u001b[33m@@ -177,14 +177,14 @@\u001b[39m\n\u001b[2m    \"ui\": Object {\u001b[22m\n\u001b[2m      \"dateFormat\": \"MM/DD\",\u001b[22m\n\u001b[2m      \"enableAutoRetry\": true,\u001b[22m\n\u001b[2m      \"enableQuickReplyShortcuts\": false,\u001b[22m\n\u001b[2m      \"enableSmartSuggestions\": true,\u001b[22m\n\u001b[32m-     \"language\": \"ja\",\u001b[39m\n\u001b[31m+     \"language\": \"en\",\u001b[39m\n\u001b[2m      \"maxQuickReplyItems\": 8,\u001b[22m\n\u001b[2m      \"maxRetryAttempts\": 3,\u001b[22m\n\u001b[32m-     \"preferredInteractionStyle\": \"mixed\",\u001b[39m\n\u001b[31m+     \"preferredInteractionStyle\": \"natural_language\",\u001b[39m\n\u001b[2m      \"showDetailedConfirmations\": true,\u001b[22m\n\u001b[2m      \"showIconsInQuickReply\": true,\u001b[22m\n\u001b[2m      \"showProgressIndicators\": true,\u001b[22m\n\u001b[2m      \"showTechnicalDetails\": false,\u001b[22m\n\u001b[2m      \"timeFormat\": \"24h\",\u001b[22m","pass":false}}],"failureMessages":["Error: \u001b[2mexpect(\u001b[22m\u001b[31mreceived\u001b[39m\u001b[2m).\u001b[22mtoMatchObject\u001b[2m(\u001b[22m\u001b[32mexpected\u001b[39m\u001b[2m)\u001b[22m\n\n\u001b[32m- Expected  - 2\u001b[39m\n\u001b[31m+ Received  + 2\u001b[39m\n\n\u001b[33m@@ -177,14 +177,14 @@\u001b[39m\n\u001b[2m    \"ui\": Object {\u001b[22m\n\u001b[2m      \"dateFormat\": \"MM/DD\",\u001b[22m\n\u001b[2m      \"enableAutoRetry\": true,\u001b[22m\n\u001b[2m      \"enableQuickReplyShortcuts\": false,\u001b[22m\n\u001b[2m      \"enableSmartSuggestions\": true,\u001b[22m\n\u001b[32m-     \"language\": \"ja\",\u001b[39m\n\u001b[31m+     \"language\": \"en\",\u001b[39m\n\u001b[2m      \"maxQuickReplyItems\": 8,\u001b[22m\n\u001b[2m      \"maxRetryAttempts\": 3,\u001b[22m\n\u001b[32m-     \"preferredInteractionStyle\": \"mixed\",\u001b[39m\n\u001b[31m+     \"preferredInteractionStyle\": \"natural_language\",\u001b[39m\n\u001b[2m      \"showDetailedConfirmations\": true,\u001b[22m\n\u001b[2m      \"showIconsInQuickReply\": true,\u001b[22m\n\u001b[2m      \"showProgressIndicators\": true,\u001b[22m\n\u001b[2m      \"showTechnicalDetails\": false,\u001b[22m\n\u001b[2m      \"timeFormat\": \"24h\",\u001b[22m\n    at Object.toMatchObject (/Volumes/Extreme Pro/dauberside.github.io-1/src/lib/__tests__/preferences-storage.test.ts:96:33)"],"fullName":"PreferencesStorageManager Get User Preferences should handle storage errors gracefully","invocations":1,"location":null,"numPassingAsserts":1,"retryReasons":[],"startAt":1758279150222,"status":"failed","title":"should handle storage errors gracefully"},{"ancestorTitles":["PreferencesStorageManager","Save User Preferences"],"duration":1,"failing":false,"failureDetails":[],"failureMessages":[],"fullName":"PreferencesStorageManager Save User Preferences should save valid preferences successfully","invocations":1,"location":null,"numPassingAsserts":4,"retryReasons":[],"startAt":1758279150226,"status":"passed","title":"should save valid preferences successfully"},{"ancestorTitles":["PreferencesStorageManager","Save User Preferences"],"duration":0,"failing":false,"failureDetails":[],"failureMessages":[],"fullName":"PreferencesStorageManager Save User Preferences should validate preferences before saving","invocations":1,"location":null,"numPassingAsserts":2,"retryReasons":[],"startAt":1758279150227,"status":"passed","title":"should validate preferences before saving"},{"ancestorTitles":["PreferencesStorageManager","Save User Preferences"],"duration":1,"failing":false,"failureDetails":[{"matcherResult":{"message":"\u001b[2mexpect(\u001b[22m\u001b[31mjest.fn()\u001b[39m\u001b[2m).\u001b[22mtoHaveBeenCalledTimes\u001b[2m(\u001b[22m\u001b[32mexpected\u001b[39m\u001b[2m)\u001b[22m\n\nExpected number of calls: \u001b[32m3\u001b[39m\nReceived number of calls: \u001b[31m2\u001b[39m","pass":false}}],"failureMessages":["Error: \u001b[2mexpect(\u001b[22m\u001b[31mjest.fn()\u001b[39m\u001b[2m).\u001b[22mtoHaveBeenCalledTimes\u001b[2m(\u001b[22m\u001b[32mexpected\u001b[39m\u001b[2m)\u001b[22m\n\nExpected number of calls: \u001b[32m3\u001b[39m\nReceived number of calls: \u001b[31m2\u001b[39m\n    at Object.toHaveBeenCalledTimes (/Volumes/Extreme Pro/dauberside.github.io-1/src/lib/__tests__/preferences-storage.test.ts:135:42)"],"fullName":"PreferencesStorageManager Save User Preferences should create backup before saving","invocations":1,"location":null,"numPassingAsserts":0,"retryReasons":[],"startAt":1758279150227,"status":"failed","title":"should create backup before saving"},{"ancestorTitles":["PreferencesStorageManager","Save User Preferences"],"duration":2,"failing":false,"failureDetails":[{"matcherResult":{"actual":true,"expected":false,"message":"\u001b[2mexpect(\u001b[22m\u001b[31mreceived\u001b[39m\u001b[2m).\u001b[22mtoBe\u001b[2m(\u001b[22m\u001b[32mexpected\u001b[39m\u001b[2m) // Object.is equality\u001b[22m\n\nExpected: \u001b[32mfalse\u001b[39m\nReceived: \u001b[31mtrue\u001b[39m","name":"toBe","pass":false}}],"failureMessages":["Error: \u001b[2mexpect(\u001b[22m\u001b[31mreceived\u001b[39m\u001b[2m).\u001b[22mtoBe\u001b[2m(\u001b[22m\u001b[32mexpected\u001b[39m\u001b[2m) // Object.is equality\u001b[22m\n\nExpected: \u001b[32mfalse\u001b[39m\nReceived: \u001b[31mtrue\u001b[39m\n    at Object.toBe (/Volumes/Extreme Pro/dauberside.github.io-1/src/lib/__tests__/preferences-storage.test.ts:144:36)"],"fullName":"PreferencesStorageManager Save User Preferences should handle save errors gracefully","invocations":1,"location":null,"numPassingAsserts":0,"retryReasons":[],"startAt":1758279150228,"status":"failed","title":"should handle save errors gracefully"},{"ancestorTitles":["PreferencesStorageManager","Update User Preferences"],"duration":0,"failing":false,"failureDetails":[],"failureMessages":[],"fullName":"PreferencesStorageManager Update User Preferences should update specific preference fields","invocations":1,"location":null,"numPassingAsserts":1,"retryReasons":[],"startAt":1758279150230,"status":"passed","title":"should update specific preference fields"},{"ancestorTitles":["PreferencesStorageManager","Update User Preferences"],"duration":0,"failing":false,"failureDetails":[],"failureMessages":[],"fullName":"PreferencesStorageManager Update User Preferences should preserve existing preferences when updating","invocations":1,"location":null,"numPassingAsserts":1,"retryReasons":[],"startAt":1758279150230,"status":"passed","title":"should preserve existing preferences when updating"},{"ancestorTitles":["PreferencesStorageManager","Reset User Preferences"],"duration":0,"failing":false,"failureDetails":[],"failureMessages":[],"fullName":"PreferencesStorageManager Reset User Preferences should reset preferences to defaults","invocations":1,"location":null,"numPassingAsserts":2,"retryReasons":[],"startAt":1758279150231,"status":"passed","title":"should reset preferences to defaults"},{"ancestorTitles":["PreferencesStorageManager","Reset User Preferences"],"duration":0,"failing":false,"failureDetails":[],"failureMessages":[],"fullName":"PreferencesStorageManager Reset User Preferences should preserve specified fields when resetting","invocations":1,"location":null,"numPassingAsserts":1,"retryReasons":[],"startAt":1758279150231,"status":"passed","title":"should preserve specified fields when resetting"},{"ancestorTitles":["PreferencesStorageManager","Reset User Preferences"],"duration":1,"failing":false,"failureDetails":[{"matcherResult":{"message":"\u001b[2mexpect(\u001b[22m\u001b[31mjest.fn()\u001b[39m\u001b[2m).\u001b[22mtoHaveBeenCalledTimes\u001b[2m(\u001b[22m\u001b[32mexpected\u001b[39m\u001b[2m)\u001b[22m\n\nExpected number of calls: \u001b[32m3\u001b[39m\nReceived number of calls: \u001b[31m5\u001b[39m","pass":false}}],"failureMessages":["Error: \u001b[2mexpect(\u001b[22m\u001b[31mjest.fn()\u001b[39m\u001b[2m).\u001b[22mtoHaveBeenCalledTimes\u001b[2m(\u001b[22m\u001b[32mexpected\u001b[39m\u001b[2m)\u001b[22m\n\nExpected number of calls: \u001b[32m3\u001b[39m\nReceived number of calls: \u001b[31m5\u001b[39m\n    at Object.toHaveBeenCalledTimes (/Volumes/Extreme Pro/dauberside.github.io-1/src/lib/__tests__/preferences-storage.test.ts:216:42)"],"fullName":"PreferencesStorageManager Reset User Preferences should create backup before reset","invocations":1,"location":null,"numPassingAsserts":0,"retryReasons":[],"startAt":1758279150231,"status":"failed","title":"should create backup before reset"},{"ancestorTitles":["PreferencesStorageManager","Export User Preferences"],"duration":3,"failing":false,"failureDetails":[{"matcherResult":{"actual":{"version":"1.0.0","ui":{"preferredInteractionStyle":"mixed","showDetailedConfirmations":true,"enableSmartSuggestions":true,"showProgressIndicators":true,"dateFormat":"MM/DD","timeFormat":"24h","timezone":"Asia/Tokyo","language":"ja","maxQuickReplyItems":8,"showIconsInQuickReply":true,"enableQuickReplyShortcuts":false,"showTechnicalDetails":false,"enableAutoRetry":true,"maxRetryAttempts":3},"notifications":{"enabled":true,"quietHours":[{"id":"night","name":"夜間","startTime":"22:00","endTime":"07:00","daysOfWeek":[0,1,2,3,4,5,6],"enabled":true,"allowUrgent":true}],"defaultReminderMinutes":30,"enableMultipleReminders":false,"reminderTimings":[30],"eventTypeSettings":[],"includeWeatherInfo":true,"includeTrafficInfo":true,"includeLocationDetails":true,"maxNotificationsPerHour":10,"enableBatchNotifications":false,"snoozeOptions":[5,10,15,30],"priorityRules":[]},"aiLearning":{"enableLearning":true,"enableLocationLearning":true,"enableTimePatternLearning":true,"enableEventTypeLearning":true,"dataRetentionDays":90,"maxLearningEntries":1000,"learningThreshold":3,"suggestionConfidenceThreshold":0.7,"allowDataSharing":false,"anonymizeData":true,"enableFeedbackCollection":true,"enableImplicitFeedback":true},"defaults":{"defaultEventDuration":60,"defaultReminderTime":30,"frequentLocations":[],"commonEventTypes":["会議","ミーティング","打合せ","面談","研修"],"preferredMeetingTimes":[{"startTime":"09:00","endTime":"12:00","daysOfWeek":[1,2,3,4,5]},{"startTime":"14:00","endTime":"17:00","daysOfWeek":[1,2,3,4,5]}],"workingHours":{"enabled":true,"schedule":[{"dayOfWeek":1,"enabled":true,"startTime":"09:00","endTime":"18:00"},{"dayOfWeek":2,"enabled":true,"startTime":"09:00","endTime":"18:00"},{"dayOfWeek":3,"enabled":true,"startTime":"09:00","endTime":"18:00"},{"dayOfWeek":4,"enabled":true,"startTime":"09:00","endTime":"18:00"},{"dayOfWeek":5,"enabled":true,"startTime":"09:00","endTime":"18:00"},{"dayOfWeek":6,"enabled":false,"startTime":"09:00","endTime":"18:00"},{"dayOfWeek":0,"enabled":false,"startTime":"09:00","endTime":"18:00"}],"timezone":"Asia/Tokyo","includeBreaks":true,"breaks":[{"startTime":"12:00","endTime":"13:00","daysOfWeek":[1,2,3,4,5]}]},"defaultCalendarId":"primary","enableConflictDetection":true,"bufferTimeBetweenEvents":15},"enabledFeatures":["smart_suggestions","ai_scheduling","conflict_detection","weather_integration","traffic_integration"],"betaFeatures":[],"accessibility":{"highContrast":false,"largeText":false,"reduceMotion":false,"enableVoiceCommands":false,"enableKeyboardShortcuts":false,"slowAnimations":false,"verboseDescriptions":false,"simplifiedInterface":false,"enableScreenReader":false},"userId":"user123","createdAt":1758279150232,"updatedAt":1758279150232},"expected":{"version":"1.0.0","ui":{"preferredInteractionStyle":"natural_language","showDetailedConfirmations":true,"enableSmartSuggestions":true,"showProgressIndicators":true,"dateFormat":"MM/DD","timeFormat":"24h","timezone":"Asia/Tokyo","language":"en","maxQuickReplyItems":8,"showIconsInQuickReply":true,"enableQuickReplyShortcuts":false,"showTechnicalDetails":false,"enableAutoRetry":true,"maxRetryAttempts":3},"notifications":{"enabled":true,"quietHours":[{"id":"night","name":"夜間","startTime":"22:00","endTime":"07:00","daysOfWeek":[0,1,2,3,4,5,6],"enabled":true,"allowUrgent":true}],"defaultReminderMinutes":30,"enableMultipleReminders":false,"reminderTimings":[30],"eventTypeSettings":[],"includeWeatherInfo":true,"includeTrafficInfo":true,"includeLocationDetails":true,"maxNotificationsPerHour":10,"enableBatchNotifications":false,"snoozeOptions":[5,10,15,30],"priorityRules":[]},"aiLearning":{"enableLearning":true,"enableLocationLearning":true,"enableTimePatternLearning":true,"enableEventTypeLearning":true,"dataRetentionDays":90,"maxLearningEntries":1000,"learningThreshold":3,"suggestionConfidenceThreshold":0.7,"allowDataSharing":false,"anonymizeData":true,"enableFeedbackCollection":true,"enableImplicitFeedback":true},"defaults":{"defaultEventDuration":60,"defaultReminderTime":30,"frequentLocations":[],"commonEventTypes":["会議","ミーティング","打合せ","面談","研修"],"preferredMeetingTimes":[{"startTime":"09:00","endTime":"12:00","daysOfWeek":[1,2,3,4,5]},{"startTime":"14:00","endTime":"17:00","daysOfWeek":[1,2,3,4,5]}],"workingHours":{"enabled":true,"schedule":[{"dayOfWeek":1,"enabled":true,"startTime":"09:00","endTime":"18:00"},{"dayOfWeek":2,"enabled":true,"startTime":"09:00","endTime":"18:00"},{"dayOfWeek":3,"enabled":true,"startTime":"09:00","endTime":"18:00"},{"dayOfWeek":4,"enabled":true,"startTime":"09:00","endTime":"18:00"},{"dayOfWeek":5,"enabled":true,"startTime":"09:00","endTime":"18:00"},{"dayOfWeek":6,"enabled":false,"startTime":"09:00","endTime":"18:00"},{"dayOfWeek":0,"enabled":false,"startTime":"09:00","endTime":"18:00"}],"timezone":"Asia/Tokyo","includeBreaks":true,"breaks":[{"startTime":"12:00","endTime":"13:00","daysOfWeek":[1,2,3,4,5]}]},"defaultCalendarId":"primary","enableConflictDetection":true,"bufferTimeBetweenEvents":15},"enabledFeatures":["smart_suggestions","ai_scheduling","conflict_detection","weather_integration","traffic_integration"],"betaFeatures":[],"accessibility":{"highContrast":false,"largeText":false,"reduceMotion":false,"enableVoiceCommands":false,"enableKeyboardShortcuts":false,"slowAnimations":false,"verboseDescriptions":false,"simplifiedInterface":false,"enableScreenReader":false},"userId":"user123","createdAt":1758192750232,"updatedAt":1758275550232},"message":"\u001b[2mexpect(\u001b[22m\u001b[31mreceived\u001b[39m\u001b[2m).\u001b[22mtoEqual\u001b[2m(\u001b[22m\u001b[32mexpected\u001b[39m\u001b[2m) // deep equality\u001b[22m\n\n\u001b[32m- Expected  - 4\u001b[39m\n\u001b[31m+ Received  + 4\u001b[39m\n\n\u001b[33m@@ -23,11 +23,11 @@\u001b[39m\n\u001b[2m      \"learningThreshold\": 3,\u001b[22m\n\u001b[2m      \"maxLearningEntries\": 1000,\u001b[22m\n\u001b[2m      \"suggestionConfidenceThreshold\": 0.7,\u001b[22m\n\u001b[2m    },\u001b[22m\n\u001b[2m    \"betaFeatures\": Array [],\u001b[22m\n\u001b[32m-   \"createdAt\": 1758192750232,\u001b[39m\n\u001b[31m+   \"createdAt\": 1758279150232,\u001b[39m\n\u001b[2m    \"defaults\": Object {\u001b[22m\n\u001b[2m      \"bufferTimeBetweenEvents\": 15,\u001b[22m\n\u001b[2m      \"commonEventTypes\": Array [\u001b[22m\n\u001b[2m        \"会議\",\u001b[22m\n\u001b[2m        \"ミーティング\",\u001b[22m\n\u001b[33m@@ -178,20 +178,20 @@\u001b[39m\n\u001b[2m    \"ui\": Object {\u001b[22m\n\u001b[2m      \"dateFormat\": \"MM/DD\",\u001b[22m\n\u001b[2m      \"enableAutoRetry\": true,\u001b[22m\n\u001b[2m      \"enableQuickReplyShortcuts\": false,\u001b[22m\n\u001b[2m      \"enableSmartSuggestions\": true,\u001b[22m\n\u001b[32m-     \"language\": \"en\",\u001b[39m\n\u001b[31m+     \"language\": \"ja\",\u001b[39m\n\u001b[2m      \"maxQuickReplyItems\": 8,\u001b[22m\n\u001b[2m      \"maxRetryAttempts\": 3,\u001b[22m\n\u001b[32m-     \"preferredInteractionStyle\": \"natural_language\",\u001b[39m\n\u001b[31m+     \"preferredInteractionStyle\": \"mixed\",\u001b[39m\n\u001b[2m      \"showDetailedConfirmations\": true,\u001b[22m\n\u001b[2m      \"showIconsInQuickReply\": true,\u001b[22m\n\u001b[2m      \"showProgressIndicators\": true,\u001b[22m\n\u001b[2m      \"showTechnicalDetails\": false,\u001b[22m\n\u001b[2m      \"timeFormat\": \"24h\",\u001b[22m\n\u001b[2m      \"timezone\": \"Asia/Tokyo\",\u001b[22m\n\u001b[2m    },\u001b[22m\n\u001b[32m-   \"updatedAt\": 1758275550232,\u001b[39m\n\u001b[31m+   \"updatedAt\": 1758279150232,\u001b[39m\n\u001b[2m    \"userId\": \"user123\",\u001b[22m\n\u001b[2m    \"version\": \"1.0.0\",\u001b[22m\n\u001b[2m  }\u001b[22m","name":"toEqual","pass":false}}],"failureMessages":["Error: \u001b[2mexpect(\u001b[22m\u001b[31mreceived\u001b[39m\u001b[2m).\u001b[22mtoEqual\u001b[2m(\u001b[22m\u001b[32mexpected\u001b[39m\u001b[2m) // deep equality\u001b[22m\n\n\u001b[32m- Expected  - 4\u001b[39m\n\u001b[31m+ Received  + 4\u001b[39m\n\n\u001b[33m@@ -23,11 +23,11 @@\u001b[39m\n\u001b[2m      \"learningThreshold\": 3,\u001b[22m\n\u001b[2m      \"maxLearningEntries\": 1000,\u001b[22m\n\u001b[2m      \"suggestionConfidenceThreshold\": 0.7,\u001b[22m\n\u001b[2m    },\u001b[22m\n\u001b[2m    \"betaFeatures\": Array [],\u001b[22m\n\u001b[32m-   \"createdAt\": 1758192750232,\u001b[39m\n\u001b[31m+   \"createdAt\": 1758279150232,\u001b[39m\n\u001b[2m    \"defaults\": Object {\u001b[22m\n\u001b[2m      \"bufferTimeBetweenEvents\": 15,\u001b[22m\n\u001b[2m      \"commonEventTypes\": Array [\u001b[22m\n\u001b[2m        \"会議\",\u001b[22m\n\u001b[2m        \"ミーティング\",\u001b[22m\n\u001b[33m@@ -178,20 +178,20 @@\u001b[39m\n\u001b[2m    \"ui\": Object {\u001b[22m\n\u001b[2m      \"dateFormat\": \"MM/DD\",\u001b[22m\n\u001b[2m      \"enableAutoRetry\": true,\u001b[22m\n\u001b[2m      \"enableQuickReplyShortcuts\": false,\u001b[22m\n\u001b[2m      \"enableSmartSuggestions\": true,\u001b[22m\n\u001b[32m-     \"language\": \"en\",\u001b[39m\n\u001b[31m+     \"language\": \"ja\",\u001b[39m\n\u001b[2m      \"maxQuickReplyItems\": 8,\u001b[22m\n\u001b[2m      \"maxRetryAttempts\": 3,\u001b[22m\n\u001b[32m-     \"preferredInteractionStyle\": \"natural_language\",\u001b[39m\n\u001b[31m+     \"preferredInteractionStyle\": \"mixed\",\u001b[39m\n\u001b[2m      \"showDetailedConfirmations\": true,\u001b[22m\n\u001b[2m      \"showIconsInQuickReply\": true,\u001b[22m\n\u001b[2m      \"showProgressIndicators\": true,\u001b[22m\n\u001b[2m      \"showTechnicalDetails\": false,\u001b[22m\n\u001b[2m      \"timeFormat\": \"24h\",\u001b[22m\n\u001b[2m      \"timezone\": \"Asia/Tokyo\",\u001b[22m\n\u001b[2m    },\u001b[22m\n\u001b[32m-   \"updatedAt\": 1758275550232,\u001b[39m\n\u001b[31m+   \"updatedAt\": 1758279150232,\u001b[39m\n\u001b[2m    \"userId\": \"user123\",\u001b[22m\n\u001b[2m    \"version\": \"1.0.0\",\u001b[22m\n\u001b[2m  }\u001b[22m\n    at Object.toEqual (/Volumes/Extreme Pro/dauberside.github.io-1/src/lib/__tests__/preferences-storage.test.ts:228:44)"],"fullName":"PreferencesStorageManager Export User Preferences should export full preferences","invocations":1,"location":null,"numPassingAsserts":1,"retryReasons":[],"startAt":1758279150232,"status":"failed","title":"should export full preferences"},{"ancestorTitles":["PreferencesStorageManager","Export User Preferences"],"duration":0,"failing":false,"failureDetails":[],"failureMessages":[],"fullName":"PreferencesStorageManager Export User Preferences should export minimal preferences","invocations":1,"location":null,"numPassingAsserts":2,"retryReasons":[],"startAt":1758279150235,"status":"passed","title":"should export minimal preferences"},{"ancestorTitles":["PreferencesStorageManager","Import User Preferences"],"duration":1,"failing":false,"failureDetails":[],"failureMessages":[],"fullName":"PreferencesStorageManager Import User Preferences should import preferences successfully","invocations":1,"location":null,"numPassingAsserts":2,"retryReasons":[],"startAt":1758279150235,"status":"passed","title":"should import preferences successfully"},{"ancestorTitles":["PreferencesStorageManager","Import User Preferences"],"duration":0,"failing":false,"failureDetails":[],"failureMessages":[],"fullName":"PreferencesStorageManager Import User Preferences should validate import data","invocations":1,"location":null,"numPassingAsserts":2,"retryReasons":[],"startAt":1758279150236,"status":"passed","title":"should validate import data"},{"ancestorTitles":["PreferencesStorageManager","Import User Preferences"],"duration":0,"failing":false,"failureDetails":[{"matcherResult":{"message":"\u001b[2mexpect(\u001b[22m\u001b[31mjest.fn()\u001b[39m\u001b[2m).\u001b[22mtoHaveBeenCalledTimes\u001b[2m(\u001b[22m\u001b[32mexpected\u001b[39m\u001b[2m)\u001b[22m\n\nExpected number of calls: \u001b[32m3\u001b[39m\nReceived number of calls: \u001b[31m5\u001b[39m","pass":false}}],"failureMessages":["Error: \u001b[2mexpect(\u001b[22m\u001b[31mjest.fn()\u001b[39m\u001b[2m).\u001b[22mtoHaveBeenCalledTimes\u001b[2m(\u001b[22m\u001b[32mexpected\u001b[39m\u001b[2m)\u001b[22m\n\nExpected number of calls: \u001b[32m3\u001b[39m\nReceived number of calls: \u001b[31m5\u001b[39m\n    at Object.toHaveBeenCalledTimes (/Volumes/Extreme Pro/dauberside.github.io-1/src/lib/__tests__/preferences-storage.test.ts:311:42)"],"fullName":"PreferencesStorageManager Import User Preferences should create backup before import","invocations":1,"location":null,"numPassingAsserts":0,"retryReasons":[],"startAt":1758279150236,"status":"failed","title":"should create backup before import"},{"ancestorTitles":["PreferencesStorageManager","Preference Backups"],"duration":0,"failing":false,"failureDetails":[],"failureMessages":[],"fullName":"PreferencesStorageManager Preference Backups should create preference backup","invocations":1,"location":null,"numPassingAsserts":1,"retryReasons":[],"startAt":1758279150236,"status":"passed","title":"should create preference backup"},{"ancestorTitles":["PreferencesStorageManager","Preference Backups"],"duration":1,"failing":false,"failureDetails":[],"failureMessages":[],"fullName":"PreferencesStorageManager Preference Backups should list preference backups","invocations":1,"location":null,"numPassingAsserts":3,"retryReasons":[],"startAt":1758279150236,"status":"passed","title":"should list preference backups"},{"ancestorTitles":["PreferencesStorageManager","Preference Backups"],"duration":0,"failing":false,"failureDetails":[],"failureMessages":[],"fullName":"PreferencesStorageManager Preference Backups should restore from backup","invocations":1,"location":null,"numPassingAsserts":1,"retryReasons":[],"startAt":1758279150237,"status":"passed","title":"should restore from backup"},{"ancestorTitles":["PreferencesStorageManager","Preference Backups"],"duration":0,"failing":false,"failureDetails":[],"failureMessages":[],"fullName":"PreferencesStorageManager Preference Backups should handle missing backup gracefully","invocations":1,"location":null,"numPassingAsserts":2,"retryReasons":[],"startAt":1758279150237,"status":"passed","title":"should handle missing backup gracefully"},{"ancestorTitles":["PreferencesStorageManager","Delete User Preferences"],"duration":0,"failing":false,"failureDetails":[],"failureMessages":[],"fullName":"PreferencesStorageManager Delete User Preferences should delete all user preference data","invocations":1,"location":null,"numPassingAsserts":2,"retryReasons":[],"startAt":1758279150237,"status":"passed","title":"should delete all user preference data"},{"ancestorTitles":["Convenience Functions"],"duration":1,"failing":false,"failureDetails":[],"failureMessages":[],"fullName":"Convenience Functions should get user preferences using convenience function","invocations":1,"location":null,"numPassingAsserts":1,"retryReasons":[],"startAt":1758279150237,"status":"passed","title":"should get user preferences using convenience function"},{"ancestorTitles":["Convenience Functions"],"duration":0,"failing":false,"failureDetails":[],"failureMessages":[],"fullName":"Convenience Functions should save user preferences using convenience function","invocations":1,"location":null,"numPassingAsserts":1,"retryReasons":[],"startAt":1758279150238,"status":"passed","title":"should save user preferences using convenience function"},{"ancestorTitles":["Convenience Functions"],"duration":0,"failing":false,"failureDetails":[],"failureMessages":[],"fullName":"Convenience Functions should update user preferences using convenience function","invocations":1,"location":null,"numPassingAsserts":1,"retryReasons":[],"startAt":1758279150238,"status":"passed","title":"should update user preferences using convenience function"},{"ancestorTitles":["Convenience Functions"],"duration":0,"failing":false,"failureDetails":[],"failureMessages":[],"fullName":"Convenience Functions should reset us
[...]
ns":1,"location":null,"numPassingAsserts":1,"retryReasons":[],"startAt":1758279151810,"status":"passed","title":"should sort actions by estimated success rate"},{"ancestorTitles":["ErrorRecoveryManager","rollback functionality"],"duration":0,"failing":false,"failureDetails":[],"failureMessages":[],"fullName":"ErrorRecoveryManager rollback functionality should create and manage rollback points","invocations":1,"location":null,"numPassingAsserts":4,"retryReasons":[],"startAt":1758279151811,"status":"passed","title":"should create and manage rollback points"},{"ancestorTitles":["ErrorRecoveryManager","rollback functionality"],"duration":0,"failing":false,"failureDetails":[],"failureMessages":[],"fullName":"ErrorRecoveryManager rollback functionality should rollback to last checkpoint","invocations":1,"location":null,"numPassingAsserts":4,"retryReasons":[],"startAt":1758279151811,"status":"passed","title":"should rollback to last checkpoint"},{"ancestorTitles":["ErrorRecoveryManager","rollback functionality"],"duration":0,"failing":false,"failureDetails":[],"failureMessages":[],"fullName":"ErrorRecoveryManager rollback functionality should rollback to specific checkpoint","invocations":1,"location":null,"numPassingAsserts":3,"retryReasons":[],"startAt":1758279151811,"status":"passed","title":"should rollback to specific checkpoint"},{"ancestorTitles":["ErrorRecoveryManager","rollback functionality"],"duration":1,"failing":false,"failureDetails":[],"failureMessages":[],"fullName":"ErrorRecoveryManager rollback functionality should limit rollback points to 5","invocations":1,"location":null,"numPassingAsserts":3,"retryReasons":[],"startAt":1758279151811,"status":"passed","title":"should limit rollback points to 5"},{"ancestorTitles":["ErrorRecoveryManager","retry logic"],"duration":0,"failing":false,"failureDetails":[],"failureMessages":[],"fullName":"ErrorRecoveryManager retry logic should calculate retry delays with exponential backoff","invocations":1,"location":null,"numPassingAsserts":2,"retryReasons":[],"startAt":1758279151812,"status":"passed","title":"should calculate retry delays with exponential backoff"},{"ancestorTitles":["ErrorRecoveryManager","retry logic"],"duration":1,"failing":false,"failureDetails":[],"failureMessages":[],"fullName":"ErrorRecoveryManager retry logic should respect maximum retry attempts","invocations":1,"location":null,"numPassingAsserts":1,"retryReasons":[],"startAt":1758279151812,"status":"passed","title":"should respect maximum retry attempts"},{"ancestorTitles":["ErrorRecoveryManager","recovery action execution"],"duration":0,"failing":false,"failureDetails":[],"failureMessages":[],"fullName":"ErrorRecoveryManager recovery action execution should execute session restart action successfully","invocations":1,"location":null,"numPassingAsserts":4,"retryReasons":[],"startAt":1758279151813,"status":"passed","title":"should execute session restart action successfully"},{"ancestorTitles":["ErrorRecoveryManager","recovery action execution"],"duration":0,"failing":false,"failureDetails":[],"failureMessages":[],"fullName":"ErrorRecoveryManager recovery action execution should execute rollback action successfully","invocations":1,"location":null,"numPassingAsserts":3,"retryReasons":[],"startAt":1758279151813,"status":"passed","title":"should execute rollback action successfully"},{"ancestorTitles":["ErrorRecoveryManager","cleanup"],"duration":1,"failing":false,"failureDetails":[],"failureMessages":[],"fullName":"ErrorRecoveryManager cleanup should clear rollback points for session","invocations":1,"location":null,"numPassingAsserts":2,"retryReasons":[],"startAt":1758279151813,"status":"passed","title":"should clear rollback points for session"}],"endTime":1758279151814,"message":"","name":"/Volumes/Extreme Pro/dauberside.github.io-1/src/lib/__tests__/error-recovery.test.ts","startTime":1758279151755,"status":"passed","summary":""},{"assertionResults":[{"ancestorTitles":["Booking API contract","GET /api/slots"],"duration":9,"failing":false,"failureDetails":[],"failureMessages":[],"fullName":"Booking API contract GET /api/slots returns 200 with { slots: [] } for basic GET without params","invocations":1,"location":null,"numPassingAsserts":3,"retryReasons":[],"startAt":1758279151851,"status":"passed","title":"returns 200 with { slots: [] } for basic GET without params"},{"ancestorTitles":["Booking API contract","GET /api/slots"],"duration":5,"failing":false,"failureDetails":[],"failureMessages":[],"fullName":"Booking API contract GET /api/slots returns non-empty slots with defaults (today, duration=30, SITE_TZ)","invocations":1,"location":null,"numPassingAsserts":83,"retryReasons":[],"startAt":1758279151860,"status":"passed","title":"returns non-empty slots with defaults (today, duration=30, SITE_TZ)"},{"ancestorTitles":["Booking API contract","GET /api/slots"],"duration":2,"failing":false,"failureDetails":[],"failureMessages":[],"fullName":"Booking API contract GET /api/slots returns non-empty slots for date+duration+tz (Asia/Tokyo)","invocations":1,"location":null,"numPassingAsserts":51,"retryReasons":[],"startAt":1758279151865,"status":"passed","title":"returns non-empty slots for date+duration+tz (Asia/Tokyo)"},{"ancestorTitles":["Booking API contract","GET /api/slots"],"duration":1,"failing":false,"failureDetails":[],"failureMessages":[],"fullName":"Booking API contract GET /api/slots returns 400 for invalid date format","invocations":1,"location":null,"numPassingAsserts":2,"retryReasons":[],"startAt":1758279151867,"status":"passed","title":"returns 400 for invalid date format"},{"ancestorTitles":["Booking API contract","GET /api/slots"],"duration":0,"failing":false,"failureDetails":[],"failureMessages":[],"fullName":"Booking API contract GET /api/slots returns 400 for invalid duration (not in 15|30|45|60)","invocations":1,"location":null,"numPassingAsserts":2,"retryReasons":[],"startAt":1758279151868,"status":"passed","title":"returns 400 for invalid duration (not in 15|30|45|60)"},{"ancestorTitles":["Booking API contract","POST /api/book"],"duration":2,"failing":false,"failureDetails":[],"failureMessages":[],"fullName":"Booking API contract POST /api/book returns 201 with {id, status:'confirmed'} when booking a free slot","invocations":1,"location":null,"numPassingAsserts":3,"retryReasons":[],"startAt":1758279151868,"status":"passed","title":"returns 201 with {id, status:'confirmed'} when booking a free slot"},{"ancestorTitles":["Booking API contract","POST /api/book"],"duration":0,"failing":false,"failureDetails":[],"failureMessages":[],"fullName":"Booking API contract POST /api/book returns 400 for invalid payload (missing fields / invalid email)","invocations":1,"location":null,"numPassingAsserts":3,"retryReasons":[],"startAt":1758279151870,"status":"passed","title":"returns 400 for invalid payload (missing fields / invalid email)"},{"ancestorTitles":["Booking API contract","POST /api/book"],"duration":0,"failing":false,"failureDetails":[],"failureMessages":[],"fullName":"Booking API contract POST /api/book returns 409 when the slot is already booked (conflict)","invocations":1,"location":null,"numPassingAsserts":1,"retryReasons":[],"startAt":1758279151870,"status":"passed","title":"returns 409 when the slot is already booked (conflict)"},{"ancestorTitles":["Booking API contract","POST /api/book"],"duration":0,"failing":false,"failureDetails":[],"failureMessages":[],"fullName":"Booking API contract POST /api/book returns 429 when rate limit is exceeded","invocations":1,"location":null,"numPassingAsserts":2,"retryReasons":[],"startAt":1758279151871,"status":"passed","title":"returns 429 when rate limit is exceeded"}],"endTime":1758279151871,"message":"","name":"/Volumes/Extreme Pro/dauberside.github.io-1/src/__tests__/contract/booking.test.js","startTime":1758279151819,"status":"passed","summary":""},{"assertionResults":[{"ancestorTitles":["Error Classification System","generateErrorId"],"duration":0,"failing":false,"failureDetails":[],"failureMessages":[],"fullName":"Error Classification System generateErrorId should generate unique error IDs","invocations":1,"location":null,"numPassingAsserts":3,"retryReasons":[],"startAt":1758279151907,"status":"passed","title":"should generate unique error IDs"},{"ancestorTitles":["Error Classification System","getErrorSeverity"],"duration":0,"failing":false,"failureDetails":[],"failureMessages":[],"fullName":"Error Classification System getErrorSeverity should return correct severity for user input errors","invocations":1,"location":null,"numPassingAsserts":2,"retryReasons":[],"startAt":1758279151907,"status":"passed","title":"should return correct severity for user input errors"},{"ancestorTitles":["Error Classification System","getErrorSeverity"],"duration":1,"failing":false,"failureDetails":[],"failureMessages":[],"fullName":"Error Classification System getErrorSeverity should return correct severity for system errors","invocations":1,"location":null,"numPassingAsserts":2,"retryReasons":[],"startAt":1758279151907,"status":"passed","title":"should return correct severity for system errors"},{"ancestorTitles":["Error Classification System","getErrorSeverity"],"duration":0,"failing":false,"failureDetails":[],"failureMessages":[],"fullName":"Error Classification System getErrorSeverity should return correct severity for external API errors","invocations":1,"location":null,"numPassingAsserts":2,"retryReasons":[],"startAt":1758279151908,"status":"passed","title":"should return correct severity for external API errors"},{"ancestorTitles":["Error Classification System","getErrorSeverity"],"duration":0,"failing":false,"failureDetails":[],"failureMessages":[],"fullName":"Error Classification System getErrorSeverity should return correct severity for authentication errors","invocations":1,"location":null,"numPassingAsserts":2,"retryReasons":[],"startAt":1758279151908,"status":"passed","title":"should return correct severity for authentication errors"},{"ancestorTitles":["Error Classification System","createSystemError"],"duration":2,"failing":false,"failureDetails":[],"failureMessages":[],"fullName":"Error Classification System createSystemError should create a complete SystemError object","invocations":1,"location":null,"numPassingAsserts":7,"retryReasons":[],"startAt":1758279151908,"status":"passed","title":"should create a complete SystemError object"},{"ancestorTitles":["Error Classification System","createSystemError"],"duration":0,"failing":false,"failureDetails":[],"failureMessages":[],"fullName":"Error Classification System createSystemError should generate user-friendly messages from templates","invocations":1,"location":null,"numPassingAsserts":1,"retryReasons":[],"startAt":1758279151910,"status":"passed","title":"should generate user-friendly messages from templates"},{"ancestorTitles":["Error Classification System","createSystemError"],"duration":0,"failing":false,"failureDetails":[],"failureMessages":[],"fullName":"Error Classification System createSystemError should include default recovery suggestions","invocations":1,"location":null,"numPassingAsserts":3,"retryReasons":[],"startAt":1758279151910,"status":"passed","title":"should include default recovery suggestions"},{"ancestorTitles":["Error Classification System","createSystemError"],"duration":0,"failing":false,"failureDetails":[],"failureMessages":[],"fullName":"Error Classification System createSystemError should preserve original error information","invocations":1,"location":null,"numPassingAsserts":1,"retryReasons":[],"startAt":1758279151910,"status":"passed","title":"should preserve original error information"},{"ancestorTitles":["Error Classification System","ERROR_MESSAGES"],"duration":0,"failing":false,"failureDetails":[],"failureMessages":[],"fullName":"Error Classification System ERROR_MESSAGES should have messages for all critical error types","invocations":1,"location":null,"numPassingAsserts":24,"retryReasons":[],"startAt":1758279151911,"status":"passed","title":"should have messages for all critical error types"},{"ancestorTitles":["Error Classification System","DEFAULT_RECOVERY_SUGGESTIONS"],"duration":1,"failing":false,"failureDetails":[],"failureMessages":[],"fullName":"Error Classification System DEFAULT_RECOVERY_SUGGESTIONS should provide recovery suggestions for network errors","invocations":1,"location":null,"numPassingAsserts":4,"retryReasons":[],"startAt":1758279151911,"status":"passed","title":"should provide recovery suggestions for network errors"},{"ancestorTitles":["Error Classification System","DEFAULT_RECOVERY_SUGGESTIONS"],"duration":0,"failing":false,"failureDetails":[],"failureMessages":[],"fullName":"Error Classification System DEFAULT_RECOVERY_SUGGESTIONS should provide appropriate suggestions for session errors","invocations":1,"location":null,"numPassingAsserts":2,"retryReasons":[],"startAt":1758279151912,"status":"passed","title":"should provide appropriate suggestions for session errors"},{"ancestorTitles":["Error Classification System","DEFAULT_RECOVERY_SUGGESTIONS"],"duration":0,"failing":false,"failureDetails":[],"failureMessages":[],"fullName":"Error Classification System DEFAULT_RECOVERY_SUGGESTIONS should provide conflict resolution for schedule conflicts","invocations":1,"location":null,"numPassingAsserts":2,"retryReasons":[],"startAt":1758279151912,"status":"passed","title":"should provide conflict resolution for schedule conflicts"},{"ancestorTitles":["Error Classification System","Error Type Coverage"],"duration":1,"failing":false,"failureDetails":[],"failureMessages":[],"fullName":"Error Classification System Error Type Coverage should have all error types covered in severity mapping","invocations":1,"location":null,"numPassingAsserts":56,"retryReasons":[],"startAt":1758279151912,"status":"passed","title":"should have all error types covered in severity mapping"},{"ancestorTitles":["Error Classification System","Error Type Coverage"],"duration":1,"failing":false,"failureDetails":[],"failureMessages":[],"fullName":"Error Classification System Error Type Coverage should have recovery suggestions for major error types","invocations":1,"location":null,"numPassingAsserts":10,"retryReasons":[],"startAt":1758279151913,"status":"passed","title":"should have recovery suggestions for major error types"}],"endTime":1758279151914,"message":"","name":"/Volumes/Extreme Pro/dauberside.github.io-1/src/lib/__tests__/errors.test.ts","startTime":1758279151875,"status":"passed","summary":""},{"assertionResults":[{"ancestorTitles":["EnhancedSessionManager","Session Creation"],"duration":2,"failing":false,"failureDetails":[],"failureMessages":[],"fullName":"EnhancedSessionManager Session Creation should create a new session with initial checkpoint","invocations":1,"location":null,"numPassingAsserts":1,"retryReasons":[],"startAt":1758279151974,"status":"passed","title":"should create a new session with initial checkpoint"},{"ancestorTitles":["EnhancedSessionManager","Session Creation"],"duration":0,"failing":false,"failureDetails":[],"failureMessages":[],"fullName":"EnhancedSessionManager Session Creation should create session with proper metadata","invocations":1,"location":null,"numPassingAsserts":1,"retryReasons":[],"startAt":1758279151976,"status":"passed","title":"should create session with proper metadata"},{"ancestorTitles":["EnhancedSessionManager","Session Updates"],"duration":0,"failing":false,"failureDetails":[],"failureMessages":[],"fullName":"EnhancedSessionManager Session Updates should update session data successfully","invocations":1,"location":null,"numPassingAsserts":2,"retryReasons":[],"startAt":1758279151976,"status":"passed","title":"should update session data successfully"},{"ancestorTitles":["EnhancedSessionManager","Session Updates"],"duration":0,"failing":false,"failureDetails":[],"failureMessages":[],"fullName":"EnhancedSessionManager Session Updates should return false for non-existent session","invocations":1,"location":null,"numPassingAsserts":1,"retryReasons":[],"startAt":1758279151976,"status":"passed","title":"should return false for non-existent session"},{"ancestorTitles":["EnhancedSessionManager","Checkpoint Management"],"duration":1,"failing":false,"failureDetails":[],"failureMessages":[],"fullName":"EnhancedSessionManager Checkpoint Management should create checkpoints successfully","invocations":1,"location":null,"numPassingAsserts":1,"retryReasons":[],"startAt":1758279151976,"status":"passed","title":"should create checkpoints successfully"},{"ancestorTitles":["EnhancedSessionManager","Checkpoint Management"],"duration":2,"failing":false,"failureDetails":[],"failureMessages":[],"fullName":"EnhancedSessionManager Checkpoint Management should restore session to checkpoint","invocations":1,"location":null,"numPassingAsserts":1,"retryReasons":[],"startAt":1758279151977,"status":"passed","title":"should restore session to checkpoint"},{"ancestorTitles":["EnhancedSessionManager","Error Tracking"],"duration":0,"failing":false,"failureDetails":[],"failureMessages":[],"fullName":"EnhancedSessionManager Error Tracking should record session errors","invocations":1,"location":null,"numPassingAsserts":1,"retryReasons":[],"startAt":1758279151979,"status":"passed","title":"should record session errors"},{"ancestorTitles":["EnhancedSessionManager","Error Tracking"],"duration":0,"failing":false,"failureDetails":[],"failureMessages":[],"fullName":"EnhancedSessionManager Error Tracking should mark errors as recovered","invocations":1,"location":null,"numPassingAsserts":1,"retryReasons":[],"startAt":1758279151979,"status":"passed","title":"should mark errors as recovered"},{"ancestorTitles":["EnhancedSessionManager","Session Expiration"],"duration":0,"failing":false,"failureDetails":[],"failureMessages":[],"fullName":"EnhancedSessionManager Session Expiration should return null for expired sessions","invocations":1,"location":null,"numPassingAsserts":1,"retryReasons":[],"startAt":1758279151979,"status":"passed","title":"should return null for expired sessions"},{"ancestorTitles":["EnhancedSessionManager","Backward Compatibility"],"duration":1,"failing":false,"failureDetails":[],"failureMessages":[],"fullName":"EnhancedSessionManager Backward Compatibility should maintain compatibility with legacy functions","invocations":1,"location":null,"numPassingAsserts":1,"retryReasons":[],"startAt":1758279151979,"status":"passed","title":"should maintain compatibility with legacy functions"},{"ancestorTitles":["Session Manager Utilities"],"duration":0,"failing":false,"failureDetails":[],"failureMessages":[],"fullName":"Session Manager Utilities should create session with checkpoint","invocations":1,"location":null,"numPassingAsserts":1,"retryReasons":[],"startAt":1758279151980,"status":"passed","title":"should create session with checkpoint"},{"ancestorTitles":["Session Manager Utilities"],"duration":0,"failing":false,"failureDetails":[],"failureMessages":[],"fullName":"Session Manager Utilities should create operation checkpoint","invocations":1,"location":null,"numPassingAsserts":1,"retryReasons":[],"startAt":1758279151980,"status":"passed","title":"should create operation checkpoint"}],"endTime":1758279151981,"message":"","name":"/Volumes/Extreme Pro/dauberside.github.io-1/src/lib/__tests__/enhanced-session-manager.test.ts","startTime":1758279151919,"status":"passed","summary":""},{"assertionResults":[{"ancestorTitles":["Booking API contract (TS legacy)"],"duration":null,"failing":false,"failureDetails":[],"failureMessages":[],"fullName":"Booking API contract (TS legacy) migrated to JS","invocations":1,"location":null,"numPassingAsserts":0,"retryReasons":[],"startAt":1758279152016,"status":"pending","title":"migrated to JS"}],"coverage":{},"endTime":1758279152018,"message":"","name":"/Volumes/Extreme Pro/dauberside.github.io-1/src/__tests__/contract/booking.test.ts","startTime":1758279152018,"status":"skipped","summary":""}],"wasInterrupted":false}
